{"total": {"lines":{"total":148,"covered":139,"skipped":0,"pct":93.91},"statements":{"total":154,"covered":144,"skipped":0,"pct":93.5},"functions":{"total":49,"covered":46,"skipped":0,"pct":93.87},"branches":{"total":48,"covered":43,"skipped":0,"pct":89.58},"branchesTrue":{"total":0,"covered":0,"skipped":0,"pct":100}}
,"/app/src/App.tsx": {"lines":{"total":5,"covered":5,"skipped":0,"pct":100},"functions":{"total":3,"covered":3,"skipped":0,"pct":100},"statements":{"total":7,"covered":7,"skipped":0,"pct":100},"branches":{"total":0,"covered":0,"skipped":0,"pct":100}}
,"/app/src/main.tsx": {"lines":{"total":1,"covered":1,"skipped":0,"pct":100},"functions":{"total":0,"covered":0,"skipped":0,"pct":100},"statements":{"total":1,"covered":1,"skipped":0,"pct":100},"branches":{"total":0,"covered":0,"skipped":0,"pct":100}}
,"/app/src/components/CountryDetailsModal.tsx": {"lines":{"total":22,"covered":20,"skipped":0,"pct":90.9},"functions":{"total":7,"covered":7,"skipped":0,"pct":100},"statements":{"total":24,"covered":21,"skipped":0,"pct":87.5},"branches":{"total":12,"covered":9,"skipped":0,"pct":75}}
,"/app/src/components/Footer.tsx": {"lines":{"total":1,"covered":1,"skipped":0,"pct":100},"functions":{"total":1,"covered":1,"skipped":0,"pct":100},"statements":{"total":1,"covered":1,"skipped":0,"pct":100},"branches":{"total":0,"covered":0,"skipped":0,"pct":100}}
,"/app/src/components/LoginForm.tsx": {"lines":{"total":18,"covered":18,"skipped":0,"pct":100},"functions":{"total":4,"covered":4,"skipped":0,"pct":100},"statements":{"total":18,"covered":18,"skipped":0,"pct":100},"branches":{"total":6,"covered":6,"skipped":0,"pct":100}}
,"/app/src/components/NavBar.tsx": {"lines":{"total":3,"covered":2,"skipped":0,"pct":66.66},"functions":{"total":2,"covered":1,"skipped":0,"pct":50},"statements":{"total":3,"covered":2,"skipped":0,"pct":66.66},"branches":{"total":0,"covered":0,"skipped":0,"pct":100}}
,"/app/src/components/RegisterForm.tsx": {"lines":{"total":22,"covered":18,"skipped":0,"pct":81.81},"functions":{"total":5,"covered":4,"skipped":0,"pct":80},"statements":{"total":22,"covered":18,"skipped":0,"pct":81.81},"branches":{"total":10,"covered":10,"skipped":0,"pct":100}}
,"/app/src/components/TravelList.tsx": {"lines":{"total":8,"covered":8,"skipped":0,"pct":100},"functions":{"total":5,"covered":5,"skipped":0,"pct":100},"statements":{"total":8,"covered":8,"skipped":0,"pct":100},"branches":{"total":4,"covered":4,"skipped":0,"pct":100}}
,"/app/src/components/WorldMap.tsx": {"lines":{"total":39,"covered":39,"skipped":0,"pct":100},"functions":{"total":11,"covered":11,"skipped":0,"pct":100},"statements":{"total":39,"covered":39,"skipped":0,"pct":100},"branches":{"total":4,"covered":4,"skipped":0,"pct":100}}
,"/app/src/pages/HomePage.tsx": {"lines":{"total":25,"covered":24,"skipped":0,"pct":96},"functions":{"total":8,"covered":8,"skipped":0,"pct":100},"statements":{"total":27,"covered":26,"skipped":0,"pct":96.29},"branches":{"total":10,"covered":8,"skipped":0,"pct":80}}
,"/app/src/pages/LogRegPage.tsx": {"lines":{"total":4,"covered":3,"skipped":0,"pct":75},"functions":{"total":3,"covered":2,"skipped":0,"pct":66.66},"statements":{"total":4,"covered":3,"skipped":0,"pct":75},"branches":{"total":2,"covered":2,"skipped":0,"pct":100}}
}
