{"/app/src/App.tsx": {"path":"/app/src/App.tsx","statementMap":{"0":{"start":{"line":8,"column":17},"end":{"line":8,"column":null}},"1":{"start":{"line":8,"column":39},"end":{"line":8,"column":65}},"2":{"start":{"line":9,"column":19},"end":{"line":9,"column":null}},"3":{"start":{"line":9,"column":41},"end":{"line":9,"column":69}},"4":{"start":{"line":11,"column":0},"end":{"line":11,"column":null}},"5":{"start":{"line":12,"column":0},"end":{"line":12,"column":null}},"6":{"start":{"line":16,"column":2},"end":{"line":24,"column":null}}},"fnMap":{"0":{"name":"(anonymous_0)","decl":{"start":{"line":8,"column":33},"end":{"line":8,"column":39}},"loc":{"start":{"line":8,"column":39},"end":{"line":8,"column":65}}},"1":{"name":"(anonymous_1)","decl":{"start":{"line":9,"column":35},"end":{"line":9,"column":41}},"loc":{"start":{"line":9,"column":41},"end":{"line":9,"column":69}}},"2":{"name":"App","decl":{"start":{"line":14,"column":24},"end":{"line":14,"column":30}},"loc":{"start":{"line":14,"column":30},"end":{"line":26,"column":null}}}},"branchMap":{},"s":{"0":60,"1":76,"2":60,"3":104,"4":60,"5":60,"6":60},"f":{"0":76,"1":104,"2":60},"b":{}}
,"/app/src/main.tsx": {"path":"/app/src/main.tsx","statementMap":{"0":{"start":{"line":9,"column":0},"end":{"line":9,"column":null}}},"fnMap":{},"branchMap":{},"s":{"0":60},"f":{},"b":{}}
,"/app/src/components/CountryDetailsModal.tsx": {"path":"/app/src/components/CountryDetailsModal.tsx","statementMap":{"0":{"start":{"line":19,"column":46},"end":{"line":19,"column":null}},"1":{"start":{"line":21,"column":30},"end":{"line":31,"column":null}},"2":{"start":{"line":22,"column":4},"end":{"line":22,"column":null}},"3":{"start":{"line":22,"column":22},"end":{"line":22,"column":null}},"4":{"start":{"line":23,"column":4},"end":{"line":30,"column":null}},"5":{"start":{"line":24,"column":23},"end":{"line":26,"column":null}},"6":{"start":{"line":27,"column":6},"end":{"line":27,"column":null}},"7":{"start":{"line":29,"column":6},"end":{"line":29,"column":null}},"8":{"start":{"line":33,"column":2},"end":{"line":35,"column":null}},"9":{"start":{"line":34,"column":4},"end":{"line":34,"column":null}},"10":{"start":{"line":37,"column":28},"end":{"line":55,"column":null}},"11":{"start":{"line":38,"column":23},"end":{"line":38,"column":null}},"12":{"start":{"line":39,"column":19},"end":{"line":39,"column":null}},"13":{"start":{"line":41,"column":4},"end":{"line":41,"column":null}},"14":{"start":{"line":41,"column":36},"end":{"line":41,"column":null}},"15":{"start":{"line":43,"column":4},"end":{"line":54,"column":null}},"16":{"start":{"line":44,"column":6},"end":{"line":48,"column":null}},"17":{"start":{"line":50,"column":6},"end":{"line":50,"column":null}},"18":{"start":{"line":51,"column":6},"end":{"line":51,"column":null}},"19":{"start":{"line":53,"column":6},"end":{"line":53,"column":null}},"20":{"start":{"line":57,"column":2},"end":{"line":106,"column":null}},"21":{"start":{"line":82,"column":14},"end":{"line":84,"column":null}},"22":{"start":{"line":94,"column":25},"end":{"line":94,"column":47}},"23":{"start":{"line":99,"column":25},"end":{"line":99,"column":47}}},"fnMap":{"0":{"name":"CountryDetailsModal","decl":{"start":{"line":13,"column":24},"end":{"line":13,"column":44}},"loc":{"start":{"line":18,"column":22},"end":{"line":108,"column":null}}},"1":{"name":"(anonymous_1)","decl":{"start":{"line":21,"column":42},"end":{"line":21,"column":54}},"loc":{"start":{"line":21,"column":54},"end":{"line":31,"column":5}}},"2":{"name":"(anonymous_2)","decl":{"start":{"line":33,"column":12},"end":{"line":33,"column":18}},"loc":{"start":{"line":33,"column":18},"end":{"line":35,"column":5}}},"3":{"name":"(anonymous_3)","decl":{"start":{"line":37,"column":28},"end":{"line":37,"column":35}},"loc":{"start":{"line":37,"column":56},"end":{"line":55,"column":null}}},"4":{"name":"(anonymous_4)","decl":{"start":{"line":81,"column":19},"end":{"line":81,"column":20}},"loc":{"start":{"line":82,"column":14},"end":{"line":84,"column":null}}},"5":{"name":"(anonymous_5)","decl":{"start":{"line":94,"column":19},"end":{"line":94,"column":25}},"loc":{"start":{"line":94,"column":25},"end":{"line":94,"column":47}}},"6":{"name":"(anonymous_6)","decl":{"start":{"line":99,"column":19},"end":{"line":99,"column":25}},"loc":{"start":{"line":99,"column":25},"end":{"line":99,"column":47}}}},"branchMap":{"0":{"loc":{"start":{"line":22,"column":4},"end":{"line":22,"column":null}},"type":"if","locations":[{"start":{"line":22,"column":4},"end":{"line":22,"column":null}}]},"1":{"loc":{"start":{"line":38,"column":34},"end":{"line":38,"column":70}},"type":"binary-expr","locations":[{"start":{"line":38,"column":34},"end":{"line":38,"column":66}},{"start":{"line":38,"column":66},"end":{"line":38,"column":70}}]},"2":{"loc":{"start":{"line":41,"column":4},"end":{"line":41,"column":null}},"type":"if","locations":[{"start":{"line":41,"column":4},"end":{"line":41,"column":null}}]},"3":{"loc":{"start":{"line":41,"column":8},"end":{"line":41,"column":36}},"type":"binary-expr","locations":[{"start":{"line":41,"column":8},"end":{"line":41,"column":19}},{"start":{"line":41,"column":19},"end":{"line":41,"column":36}}]},"4":{"loc":{"start":{"line":61,"column":9},"end":{"line":68,"column":null}},"type":"binary-expr","locations":[{"start":{"line":61,"column":9},"end":{"line":61,"column":null}},{"start":{"line":62,"column":10},"end":{"line":68,"column":null}}]},"5":{"loc":{"start":{"line":72,"column":9},"end":{"line":88,"column":null}},"type":"cond-expr","locations":[{"start":{"line":73,"column":10},"end":{"line":86,"column":null}},{"start":{"line":88,"column":10},"end":{"line":88,"column":null}}]},"6":{"loc":{"start":{"line":83,"column":41},"end":{"line":83,"column":null}},"type":"binary-expr","locations":[{"start":{"line":83,"column":41},"end":{"line":83,"column":50}},{"start":{"line":83,"column":50},"end":{"line":83,"column":null}}]}},"s":{"0":119,"1":119,"2":52,"3":42,"4":10,"5":10,"6":10,"7":0,"8":119,"9":52,"10":119,"11":8,"12":8,"13":8,"14":0,"15":8,"16":8,"17":8,"18":8,"19":0,"20":119,"21":180,"22":4,"23":4},"f":{"0":119,"1":52,"2":52,"3":8,"4":180,"5":4,"6":4},"b":{"0":[42],"1":[8,0],"2":[0],"3":[8,8],"4":[119,30],"5":[30,89],"6":[180,0]}}
,"/app/src/components/Footer.tsx": {"path":"/app/src/components/Footer.tsx","statementMap":{"0":{"start":{"line":2,"column":2},"end":{"line":9,"column":null}}},"fnMap":{"0":{"name":"Footer","decl":{"start":{"line":1,"column":24},"end":{"line":1,"column":33}},"loc":{"start":{"line":1,"column":33},"end":{"line":11,"column":null}}}},"branchMap":{},"s":{"0":87},"f":{"0":87},"b":{}}
,"/app/src/components/LoginForm.tsx": {"path":"/app/src/components/LoginForm.tsx","statementMap":{"0":{"start":{"line":10,"column":25},"end":{"line":17,"column":null}},"1":{"start":{"line":20,"column":42},"end":{"line":20,"column":null}},"2":{"start":{"line":21,"column":36},"end":{"line":21,"column":null}},"3":{"start":{"line":22,"column":19},"end":{"line":22,"column":null}},"4":{"start":{"line":24,"column":23},"end":{"line":49,"column":null}},"5":{"start":{"line":25,"column":4},"end":{"line":48,"column":null}},"6":{"start":{"line":26,"column":23},"end":{"line":30,"column":null}},"7":{"start":{"line":31,"column":6},"end":{"line":31,"column":null}},"8":{"start":{"line":32,"column":6},"end":{"line":32,"column":null}},"9":{"start":{"line":35,"column":19},"end":{"line":38,"column":null}},"10":{"start":{"line":39,"column":6},"end":{"line":39,"column":null}},"11":{"start":{"line":41,"column":6},"end":{"line":43,"column":null}},"12":{"start":{"line":42,"column":8},"end":{"line":42,"column":null}},"13":{"start":{"line":45,"column":6},"end":{"line":45,"column":null}},"14":{"start":{"line":46,"column":6},"end":{"line":46,"column":null}},"15":{"start":{"line":47,"column":6},"end":{"line":47,"column":null}},"16":{"start":{"line":51,"column":2},"end":{"line":103,"column":null}},"17":{"start":{"line":68,"column":10},"end":{"line":100,"column":null}}},"fnMap":{"0":{"name":"LoginForm","decl":{"start":{"line":19,"column":24},"end":{"line":19,"column":36}},"loc":{"start":{"line":19,"column":36},"end":{"line":105,"column":null}}},"1":{"name":"(anonymous_1)","decl":{"start":{"line":24,"column":23},"end":{"line":24,"column":30}},"loc":{"start":{"line":24,"column":47},"end":{"line":49,"column":null}}},"2":{"name":"(anonymous_2)","decl":{"start":{"line":41,"column":17},"end":{"line":41,"column":23}},"loc":{"start":{"line":41,"column":23},"end":{"line":43,"column":9}}},"3":{"name":"(anonymous_3)","decl":{"start":{"line":67,"column":9},"end":{"line":67,"column":10}},"loc":{"start":{"line":68,"column":10},"end":{"line":100,"column":null}}}},"branchMap":{"0":{"loc":{"start":{"line":55,"column":7},"end":{"line":58,"column":null}},"type":"binary-expr","locations":[{"start":{"line":55,"column":7},"end":{"line":55,"column":null}},{"start":{"line":56,"column":8},"end":{"line":58,"column":null}}]},"1":{"loc":{"start":{"line":72,"column":27},"end":{"line":72,"column":null}},"type":"binary-expr","locations":[{"start":{"line":72,"column":27},"end":{"line":72,"column":44}},{"start":{"line":72,"column":44},"end":{"line":72,"column":null}}]},"2":{"loc":{"start":{"line":86,"column":27},"end":{"line":86,"column":null}},"type":"binary-expr","locations":[{"start":{"line":86,"column":27},"end":{"line":86,"column":47}},{"start":{"line":86,"column":47},"end":{"line":86,"column":null}}]}},"s":{"0":60,"1":75,"2":75,"3":75,"4":75,"5":32,"6":32,"7":28,"8":28,"9":28,"10":28,"11":28,"12":24,"13":2,"14":2,"15":2,"16":75,"17":1555},"f":{"0":75,"1":32,"2":24,"3":1555},"b":{"0":[75,30],"1":[1555,468],"2":[1555,94]}}
,"/app/src/components/NavBar.tsx": {"path":"/app/src/components/NavBar.tsx","statementMap":{"0":{"start":{"line":5,"column":23},"end":{"line":7,"column":null}},"1":{"start":{"line":6,"column":4},"end":{"line":6,"column":null}},"2":{"start":{"line":8,"column":2},"end":{"line":26,"column":null}}},"fnMap":{"0":{"name":"Navbar","decl":{"start":{"line":4,"column":24},"end":{"line":4,"column":33}},"loc":{"start":{"line":4,"column":33},"end":{"line":28,"column":null}}},"1":{"name":"(anonymous_1)","decl":{"start":{"line":5,"column":23},"end":{"line":5,"column":29}},"loc":{"start":{"line":5,"column":29},"end":{"line":7,"column":null}}}},"branchMap":{},"s":{"0":87,"1":0,"2":87},"f":{"0":87,"1":0},"b":{}}
,"/app/src/components/RegisterForm.tsx": {"path":"/app/src/components/RegisterForm.tsx","statementMap":{"0":{"start":{"line":10,"column":25},"end":{"line":19,"column":null}},"1":{"start":{"line":22,"column":42},"end":{"line":22,"column":null}},"2":{"start":{"line":23,"column":36},"end":{"line":23,"column":null}},"3":{"start":{"line":24,"column":19},"end":{"line":24,"column":null}},"4":{"start":{"line":26,"column":23},"end":{"line":59,"column":null}},"5":{"start":{"line":27,"column":4},"end":{"line":58,"column":null}},"6":{"start":{"line":28,"column":23},"end":{"line":32,"column":null}},"7":{"start":{"line":33,"column":6},"end":{"line":33,"column":null}},"8":{"start":{"line":34,"column":6},"end":{"line":34,"column":null}},"9":{"start":{"line":37,"column":19},"end":{"line":40,"column":null}},"10":{"start":{"line":41,"column":6},"end":{"line":41,"column":null}},"11":{"start":{"line":43,"column":6},"end":{"line":45,"column":null}},"12":{"start":{"line":44,"column":8},"end":{"line":44,"column":null}},"13":{"start":{"line":47,"column":6},"end":{"line":49,"column":null}},"14":{"start":{"line":50,"column":6},"end":{"line":50,"column":null}},"15":{"start":{"line":51,"column":6},"end":{"line":53,"column":null}},"16":{"start":{"line":52,"column":8},"end":{"line":52,"column":null}},"17":{"start":{"line":55,"column":6},"end":{"line":55,"column":null}},"18":{"start":{"line":56,"column":6},"end":{"line":56,"column":null}},"19":{"start":{"line":57,"column":6},"end":{"line":57,"column":null}},"20":{"start":{"line":61,"column":2},"end":{"line":143,"column":null}},"21":{"start":{"line":80,"column":10},"end":{"line":140,"column":null}}},"fnMap":{"0":{"name":"RegisterForm","decl":{"start":{"line":21,"column":24},"end":{"line":21,"column":39}},"loc":{"start":{"line":21,"column":39},"end":{"line":145,"column":null}}},"1":{"name":"(anonymous_1)","decl":{"start":{"line":26,"column":23},"end":{"line":26,"column":30}},"loc":{"start":{"line":26,"column":47},"end":{"line":59,"column":null}}},"2":{"name":"(anonymous_2)","decl":{"start":{"line":43,"column":17},"end":{"line":43,"column":23}},"loc":{"start":{"line":43,"column":23},"end":{"line":45,"column":9}}},"3":{"name":"(anonymous_3)","decl":{"start":{"line":51,"column":17},"end":{"line":51,"column":23}},"loc":{"start":{"line":51,"column":23},"end":{"line":53,"column":9}}},"4":{"name":"(anonymous_4)","decl":{"start":{"line":79,"column":9},"end":{"line":79,"column":10}},"loc":{"start":{"line":80,"column":10},"end":{"line":140,"column":null}}}},"branchMap":{"0":{"loc":{"start":{"line":65,"column":7},"end":{"line":68,"column":null}},"type":"binary-expr","locations":[{"start":{"line":65,"column":7},"end":{"line":65,"column":null}},{"start":{"line":66,"column":8},"end":{"line":68,"column":null}}]},"1":{"loc":{"start":{"line":84,"column":27},"end":{"line":84,"column":null}},"type":"binary-expr","locations":[{"start":{"line":84,"column":27},"end":{"line":84,"column":49}},{"start":{"line":84,"column":49},"end":{"line":84,"column":null}}]},"2":{"loc":{"start":{"line":98,"column":27},"end":{"line":98,"column":null}},"type":"binary-expr","locations":[{"start":{"line":98,"column":27},"end":{"line":98,"column":48}},{"start":{"line":98,"column":48},"end":{"line":98,"column":null}}]},"3":{"loc":{"start":{"line":112,"column":27},"end":{"line":112,"column":null}},"type":"binary-expr","locations":[{"start":{"line":112,"column":27},"end":{"line":112,"column":44}},{"start":{"line":112,"column":44},"end":{"line":112,"column":null}}]},"4":{"loc":{"start":{"line":126,"column":27},"end":{"line":126,"column":null}},"type":"binary-expr","locations":[{"start":{"line":126,"column":27},"end":{"line":126,"column":47}},{"start":{"line":126,"column":47},"end":{"line":126,"column":null}}]}},"s":{"0":60,"1":49,"2":49,"3":49,"4":49,"5":4,"6":4,"7":4,"8":4,"9":4,"10":4,"11":4,"12":4,"13":4,"14":4,"15":4,"16":0,"17":0,"18":0,"19":0,"20":49,"21":717},"f":{"0":49,"1":4,"2":4,"3":0,"4":717},"b":{"0":[49,4],"1":[717,504],"2":[717,436],"3":[717,124],"4":[717,20]}}
,"/app/src/components/TravelList.tsx": {"path":"/app/src/components/TravelList.tsx","statementMap":{"0":{"start":{"line":18,"column":23},"end":{"line":20,"column":null}},"1":{"start":{"line":19,"column":4},"end":{"line":19,"column":null}},"2":{"start":{"line":23,"column":4},"end":{"line":23,"column":null}},"3":{"start":{"line":26,"column":22},"end":{"line":63,"column":null}},"4":{"start":{"line":37,"column":4},"end":{"line":63,"column":null}},"5":{"start":{"line":42,"column":12},"end":{"line":54,"column":null}},"6":{"start":{"line":49,"column":35},"end":{"line":49,"column":null}},"7":{"start":{"line":66,"column":2},"end":{"line":80,"column":null}}},"fnMap":{"0":{"name":"TravelList","decl":{"start":{"line":13,"column":24},"end":{"line":13,"column":35}},"loc":{"start":{"line":17,"column":20},"end":{"line":82,"column":null}}},"1":{"name":"(anonymous_1)","decl":{"start":{"line":18,"column":23},"end":{"line":18,"column":24}},"loc":{"start":{"line":18,"column":76},"end":{"line":20,"column":null}}},"2":{"name":"(anonymous_2)","decl":{"start":{"line":26,"column":22},"end":{"line":26,"column":23}},"loc":{"start":{"line":37,"column":4},"end":{"line":63,"column":null}}},"3":{"name":"(anonymous_3)","decl":{"start":{"line":41,"column":25},"end":{"line":41,"column":26}},"loc":{"start":{"line":42,"column":12},"end":{"line":54,"column":null}}},"4":{"name":"(anonymous_4)","decl":{"start":{"line":49,"column":29},"end":{"line":49,"column":35}},"loc":{"start":{"line":49,"column":35},"end":{"line":49,"column":null}}}},"branchMap":{"0":{"loc":{"start":{"line":39,"column":7},"end":{"line":61,"column":null}},"type":"cond-expr","locations":[{"start":{"line":40,"column":8},"end":{"line":56,"column":null}},{"start":{"line":58,"column":8},"end":{"line":61,"column":null}}]},"1":{"loc":{"start":{"line":60,"column":11},"end":{"line":60,"column":76}},"type":"cond-expr","locations":[{"start":{"line":60,"column":36},"end":{"line":60,"column":52}},{"start":{"line":60,"column":52},"end":{"line":60,"column":76}}]}},"s":{"0":87,"1":4,"2":87,"3":87,"4":174,"5":254,"6":4,"7":87},"f":{"0":87,"1":4,"2":174,"3":254,"4":4},"b":{"0":[84,90],"1":[46,44]}}
,"/app/src/components/WorldMap.tsx": {"path":"/app/src/components/WorldMap.tsx","statementMap":{"0":{"start":{"line":18,"column":36},"end":{"line":18,"column":null}},"1":{"start":{"line":19,"column":48},"end":{"line":19,"column":null}},"2":{"start":{"line":21,"column":26},"end":{"line":21,"column":null}},"3":{"start":{"line":22,"column":17},"end":{"line":22,"column":null}},"4":{"start":{"line":25,"column":2},"end":{"line":95,"column":null}},"5":{"start":{"line":26,"column":24},"end":{"line":29,"column":null}},"6":{"start":{"line":30,"column":4},"end":{"line":30,"column":null}},"7":{"start":{"line":32,"column":4},"end":{"line":34,"column":null}},"8":{"start":{"line":37,"column":6},"end":{"line":37,"column":null}},"9":{"start":{"line":39,"column":25},"end":{"line":74,"column":null}},"10":{"start":{"line":40,"column":6},"end":{"line":73,"column":null}},"11":{"start":{"line":41,"column":25},"end":{"line":41,"column":null}},"12":{"start":{"line":42,"column":26},"end":{"line":42,"column":null}},"13":{"start":{"line":44,"column":8},"end":{"line":46,"column":null}},"14":{"start":{"line":45,"column":10},"end":{"line":45,"column":null}},"15":{"start":{"line":48,"column":8},"end":{"line":68,"column":null}},"16":{"start":{"line":49,"column":31},"end":{"line":56,"column":null}},"17":{"start":{"line":58,"column":12},"end":{"line":58,"column":null}},"18":{"start":{"line":60,"column":12},"end":{"line":62,"column":null}},"19":{"start":{"line":61,"column":14},"end":{"line":61,"column":null}},"20":{"start":{"line":64,"column":12},"end":{"line":66,"column":null}},"21":{"start":{"line":65,"column":14},"end":{"line":65,"column":null}},"22":{"start":{"line":70,"column":8},"end":{"line":70,"column":null}},"23":{"start":{"line":72,"column":8},"end":{"line":72,"column":null}},"24":{"start":{"line":76,"column":4},"end":{"line":76,"column":null}},"25":{"start":{"line":78,"column":31},"end":{"line":85,"column":null}},"26":{"start":{"line":79,"column":6},"end":{"line":83,"column":null}},"27":{"start":{"line":80,"column":8},"end":{"line":80,"column":null}},"28":{"start":{"line":81,"column":6},"end":{"line":83,"column":null}},"29":{"start":{"line":82,"column":8},"end":{"line":82,"column":null}},"30":{"start":{"line":84,"column":6},"end":{"line":84,"column":null}},"31":{"start":{"line":87,"column":31},"end":{"line":90,"column":null}},"32":{"start":{"line":88,"column":6},"end":{"line":88,"column":null}},"33":{"start":{"line":89,"column":6},"end":{"line":89,"column":null}},"34":{"start":{"line":92,"column":4},"end":{"line":94,"column":null}},"35":{"start":{"line":93,"column":6},"end":{"line":93,"column":null}},"36":{"start":{"line":97,"column":23},"end":{"line":99,"column":null}},"37":{"start":{"line":98,"column":4},"end":{"line":98,"column":null}},"38":{"start":{"line":101,"column":2},"end":{"line":118,"column":null}}},"fnMap":{"0":{"name":"WorldMap","decl":{"start":{"line":13,"column":24},"end":{"line":13,"column":33}},"loc":{"start":{"line":17,"column":18},"end":{"line":120,"column":null}}},"1":{"name":"(anonymous_1)","decl":{"start":{"line":25,"column":12},"end":{"line":25,"column":18}},"loc":{"start":{"line":25,"column":18},"end":{"line":95,"column":5}}},"2":{"name":"(anonymous_2)","decl":{"start":{"line":39,"column":25},"end":{"line":39,"column":37}},"loc":{"start":{"line":39,"column":37},"end":{"line":74,"column":null}}},"3":{"name":"(anonymous_3)","decl":{"start":{"line":49,"column":17},"end":{"line":49,"column":18}},"loc":{"start":{"line":49,"column":31},"end":{"line":56,"column":null}}},"4":{"name":"(anonymous_4)","decl":{"start":{"line":57,"column":25},"end":{"line":57,"column":26}},"loc":{"start":{"line":57,"column":45},"end":{"line":67,"column":null}}},"5":{"name":"(anonymous_5)","decl":{"start":{"line":60,"column":34},"end":{"line":60,"column":40}},"loc":{"start":{"line":60,"column":40},"end":{"line":62,"column":13}}},"6":{"name":"(anonymous_6)","decl":{"start":{"line":64,"column":30},"end":{"line":64,"column":null}},"loc":{"start":{"line":65,"column":14},"end":{"line":65,"column":null}}},"7":{"name":"(anonymous_7)","decl":{"start":{"line":78,"column":31},"end":{"line":78,"column":32}},"loc":{"start":{"line":78,"column":56},"end":{"line":85,"column":null}}},"8":{"name":"(anonymous_8)","decl":{"start":{"line":87,"column":31},"end":{"line":87,"column":32}},"loc":{"start":{"line":87,"column":56},"end":{"line":90,"column":null}}},"9":{"name":"(anonymous_9)","decl":{"start":{"line":92,"column":11},"end":{"line":92,"column":17}},"loc":{"start":{"line":92,"column":17},"end":{"line":94,"column":null}}},"10":{"name":"(anonymous_10)","decl":{"start":{"line":97,"column":23},"end":{"line":97,"column":29}},"loc":{"start":{"line":97,"column":29},"end":{"line":99,"column":null}}}},"branchMap":{"0":{"loc":{"start":{"line":44,"column":8},"end":{"line":46,"column":null}},"type":"if","locations":[{"start":{"line":44,"column":8},"end":{"line":46,"column":null}}]},"1":{"loc":{"start":{"line":79,"column":6},"end":{"line":83,"column":null}},"type":"if","locations":[{"start":{"line":79,"column":6},"end":{"line":83,"column":null}},{"start":{"line":81,"column":6},"end":{"line":83,"column":null}}]},"2":{"loc":{"start":{"line":81,"column":6},"end":{"line":83,"column":null}},"type":"if","locations":[{"start":{"line":81,"column":6},"end":{"line":83,"column":null}}]}},"s":{"0":109,"1":109,"2":109,"3":109,"4":109,"5":85,"6":85,"7":85,"8":85,"9":85,"10":85,"11":85,"12":53,"13":53,"14":27,"15":53,"16":9540,"17":9540,"18":9540,"19":12,"20":9540,"21":12,"22":53,"23":18,"24":85,"25":85,"26":9540,"27":71,"28":9469,"29":64,"30":9405,"31":85,"32":12,"33":12,"34":85,"35":43,"36":109,"37":10,"38":109},"f":{"0":109,"1":85,"2":85,"3":9540,"4":9540,"5":12,"6":12,"7":9540,"8":12,"9":43,"10":10},"b":{"0":[27],"1":[71,9469],"2":[64]}}
,"/app/src/pages/HomePage.tsx": {"path":"/app/src/pages/HomePage.tsx","statementMap":{"0":{"start":{"line":9,"column":21},"end":{"line":9,"column":null}},"1":{"start":{"line":10,"column":20},"end":{"line":10,"column":null}},"2":{"start":{"line":11,"column":17},"end":{"line":11,"column":null}},"3":{"start":{"line":13,"column":50},"end":{"line":13,"column":null}},"4":{"start":{"line":14,"column":48},"end":{"line":14,"column":null}},"5":{"start":{"line":17,"column":41},"end":{"line":25,"column":null}},"6":{"start":{"line":18,"column":4},"end":{"line":24,"column":null}},"7":{"start":{"line":19,"column":23},"end":{"line":19,"column":null}},"8":{"start":{"line":20,"column":6},"end":{"line":20,"column":null}},"9":{"start":{"line":21,"column":6},"end":{"line":21,"column":null}},"10":{"start":{"line":23,"column":6},"end":{"line":23,"column":null}},"11":{"start":{"line":27,"column":2},"end":{"line":29,"column":null}},"12":{"start":{"line":28,"column":4},"end":{"line":28,"column":null}},"13":{"start":{"line":32,"column":24},"end":{"line":55,"column":null}},"14":{"start":{"line":36,"column":4},"end":{"line":54,"column":null}},"15":{"start":{"line":37,"column":23},"end":{"line":39,"column":null}},"16":{"start":{"line":41,"column":6},"end":{"line":51,"column":null}},"17":{"start":{"line":42,"column":8},"end":{"line":50,"column":null}},"18":{"start":{"line":43,"column":10},"end":{"line":45,"column":null}},"19":{"start":{"line":44,"column":12},"end":{"line":44,"column":null}},"20":{"start":{"line":44,"column":37},"end":{"line":44,"column":60}},"21":{"start":{"line":46,"column":8},"end":{"line":50,"column":null}},"22":{"start":{"line":47,"column":10},"end":{"line":49,"column":null}},"23":{"start":{"line":48,"column":12},"end":{"line":48,"column":null}},"24":{"start":{"line":48,"column":37},"end":{"line":48,"column":60}},"25":{"start":{"line":53,"column":6},"end":{"line":53,"column":null}},"26":{"start":{"line":57,"column":2},"end":{"line":80,"column":null}}},"fnMap":{"0":{"name":"HomePage","decl":{"start":{"line":8,"column":24},"end":{"line":8,"column":35}},"loc":{"start":{"line":8,"column":35},"end":{"line":82,"column":null}}},"1":{"name":"(anonymous_1)","decl":{"start":{"line":17,"column":53},"end":{"line":17,"column":65}},"loc":{"start":{"line":17,"column":65},"end":{"line":25,"column":5}}},"2":{"name":"(anonymous_2)","decl":{"start":{"line":27,"column":12},"end":{"line":27,"column":18}},"loc":{"start":{"line":27,"column":18},"end":{"line":29,"column":5}}},"3":{"name":"(anonymous_3)","decl":{"start":{"line":32,"column":24},"end":{"line":32,"column":null}},"loc":{"start":{"line":35,"column":7},"end":{"line":55,"column":null}}},"4":{"name":"(anonymous_4)","decl":{"start":{"line":43,"column":30},"end":{"line":43,"column":31}},"loc":{"start":{"line":44,"column":12},"end":{"line":44,"column":null}}},"5":{"name":"(anonymous_5)","decl":{"start":{"line":44,"column":24},"end":{"line":44,"column":25}},"loc":{"start":{"line":44,"column":37},"end":{"line":44,"column":60}}},"6":{"name":"(anonymous_6)","decl":{"start":{"line":47,"column":29},"end":{"line":47,"column":30}},"loc":{"start":{"line":48,"column":12},"end":{"line":48,"column":null}}},"7":{"name":"(anonymous_7)","decl":{"start":{"line":48,"column":24},"end":{"line":48,"column":25}},"loc":{"start":{"line":48,"column":37},"end":{"line":48,"column":60}}}},"branchMap":{"0":{"loc":{"start":{"line":9,"column":32},"end":{"line":9,"column":68}},"type":"binary-expr","locations":[{"start":{"line":9,"column":32},"end":{"line":9,"column":64}},{"start":{"line":9,"column":64},"end":{"line":9,"column":68}}]},"1":{"loc":{"start":{"line":20,"column":26},"end":{"line":20,"column":44}},"type":"binary-expr","locations":[{"start":{"line":20,"column":26},"end":{"line":20,"column":42}},{"start":{"line":20,"column":42},"end":{"line":20,"column":44}}]},"2":{"loc":{"start":{"line":21,"column":25},"end":{"line":21,"column":42}},"type":"binary-expr","locations":[{"start":{"line":21,"column":25},"end":{"line":21,"column":40}},{"start":{"line":21,"column":40},"end":{"line":21,"column":42}}]},"3":{"loc":{"start":{"line":41,"column":6},"end":{"line":51,"column":null}},"type":"if","locations":[{"start":{"line":41,"column":6},"end":{"line":51,"column":null}}]},"4":{"loc":{"start":{"line":42,"column":8},"end":{"line":50,"column":null}},"type":"if","locations":[{"start":{"line":42,"column":8},"end":{"line":50,"column":null}},{"start":{"line":46,"column":8},"end":{"line":50,"column":null}}]},"5":{"loc":{"start":{"line":46,"column":8},"end":{"line":50,"column":null}},"type":"if","locations":[{"start":{"line":46,"column":8},"end":{"line":50,"column":null}}]}},"s":{"0":87,"1":87,"2":87,"3":87,"4":87,"5":87,"6":50,"7":50,"8":43,"9":43,"10":2,"11":87,"12":42,"13":87,"14":4,"15":4,"16":4,"17":4,"18":2,"19":2,"20":6,"21":2,"22":2,"23":2,"24":8,"25":0,"26":87},"f":{"0":87,"1":50,"2":42,"3":4,"4":2,"5":6,"6":2,"7":8},"b":{"0":[87,2],"1":[43,0],"2":[43,0],"3":[4],"4":[2,2],"5":[2]}}
,"/app/src/pages/LogRegPage.tsx": {"path":"/app/src/pages/LogRegPage.tsx","statementMap":{"0":{"start":{"line":10,"column":36},"end":{"line":10,"column":null}},"1":{"start":{"line":12,"column":2},"end":{"line":43,"column":null}},"2":{"start":{"line":26,"column":31},"end":{"line":26,"column":51}},"3":{"start":{"line":36,"column":31},"end":{"line":36,"column":52}}},"fnMap":{"0":{"name":"FlipCard","decl":{"start":{"line":9,"column":24},"end":{"line":9,"column":35}},"loc":{"start":{"line":9,"column":35},"end":{"line":45,"column":null}}},"1":{"name":"(anonymous_1)","decl":{"start":{"line":26,"column":25},"end":{"line":26,"column":31}},"loc":{"start":{"line":26,"column":31},"end":{"line":26,"column":51}}},"2":{"name":"(anonymous_2)","decl":{"start":{"line":36,"column":25},"end":{"line":36,"column":31}},"loc":{"start":{"line":36,"column":31},"end":{"line":36,"column":52}}}},"branchMap":{"0":{"loc":{"start":{"line":19,"column":50},"end":{"line":19,"column":76}},"type":"cond-expr","locations":[{"start":{"line":19,"column":62},"end":{"line":19,"column":74}},{"start":{"line":19,"column":74},"end":{"line":19,"column":76}}]}},"s":{"0":45,"1":45,"2":1,"3":0},"f":{"0":45,"1":1,"2":0},"b":{"0":[1,44]}}
}
