{"total": {"lines":{"total":168,"covered":82,"skipped":0,"pct":48.8},"statements":{"total":174,"covered":85,"skipped":0,"pct":48.85},"functions":{"total":54,"covered":24,"skipped":0,"pct":44.44},"branches":{"total":52,"covered":22,"skipped":0,"pct":42.3},"branchesTrue":{"total":0,"covered":0,"skipped":0,"pct":100}}
,"/app/src/App.tsx": {"lines":{"total":5,"covered":5,"skipped":0,"pct":100},"functions":{"total":3,"covered":3,"skipped":0,"pct":100},"statements":{"total":7,"covered":7,"skipped":0,"pct":100},"branches":{"total":0,"covered":0,"skipped":0,"pct":100}}
,"/app/src/main.tsx": {"lines":{"total":1,"covered":1,"skipped":0,"pct":100},"functions":{"total":0,"covered":0,"skipped":0,"pct":100},"statements":{"total":1,"covered":1,"skipped":0,"pct":100},"branches":{"total":0,"covered":0,"skipped":0,"pct":100}}
,"/app/src/components/Carousel.tsx": {"lines":{"total":20,"covered":1,"skipped":0,"pct":5},"functions":{"total":5,"covered":0,"skipped":0,"pct":0},"statements":{"total":20,"covered":1,"skipped":0,"pct":5},"branches":{"total":4,"covered":0,"skipped":0,"pct":0}}
,"/app/src/components/CountryDetailsModal.tsx": {"lines":{"total":22,"covered":7,"skipped":0,"pct":31.81},"functions":{"total":7,"covered":3,"skipped":0,"pct":42.85},"statements":{"total":24,"covered":8,"skipped":0,"pct":33.33},"branches":{"total":12,"covered":3,"skipped":0,"pct":25}}
,"/app/src/components/Footer.tsx": {"lines":{"total":1,"covered":1,"skipped":0,"pct":100},"functions":{"total":1,"covered":1,"skipped":0,"pct":100},"statements":{"total":1,"covered":1,"skipped":0,"pct":100},"branches":{"total":0,"covered":0,"skipped":0,"pct":100}}
,"/app/src/components/LoginForm.tsx": {"lines":{"total":18,"covered":18,"skipped":0,"pct":100},"functions":{"total":4,"covered":4,"skipped":0,"pct":100},"statements":{"total":18,"covered":18,"skipped":0,"pct":100},"branches":{"total":6,"covered":6,"skipped":0,"pct":100}}
,"/app/src/components/NavBar.tsx": {"lines":{"total":3,"covered":2,"skipped":0,"pct":66.66},"functions":{"total":2,"covered":1,"skipped":0,"pct":50},"statements":{"total":3,"covered":2,"skipped":0,"pct":66.66},"branches":{"total":0,"covered":0,"skipped":0,"pct":100}}
,"/app/src/components/RegisterForm.tsx": {"lines":{"total":22,"covered":7,"skipped":0,"pct":31.81},"functions":{"total":5,"covered":2,"skipped":0,"pct":40},"statements":{"total":22,"covered":7,"skipped":0,"pct":31.81},"branches":{"total":10,"covered":5,"skipped":0,"pct":50}}
,"/app/src/components/TravelList.tsx": {"lines":{"total":8,"covered":6,"skipped":0,"pct":75},"functions":{"total":5,"covered":3,"skipped":0,"pct":60},"statements":{"total":8,"covered":6,"skipped":0,"pct":75},"branches":{"total":4,"covered":4,"skipped":0,"pct":100}}
,"/app/src/components/WorldMap.tsx": {"lines":{"total":39,"covered":18,"skipped":0,"pct":46.15},"functions":{"total":11,"covered":3,"skipped":0,"pct":27.27},"statements":{"total":39,"covered":18,"skipped":0,"pct":46.15},"branches":{"total":4,"covered":0,"skipped":0,"pct":0}}
,"/app/src/pages/HomePage.tsx": {"lines":{"total":25,"covered":14,"skipped":0,"pct":56},"functions":{"total":8,"covered":3,"skipped":0,"pct":37.5},"statements":{"total":27,"covered":14,"skipped":0,"pct":51.85},"branches":{"total":10,"covered":3,"skipped":0,"pct":30}}
,"/app/src/pages/LogRegPage.tsx": {"lines":{"total":4,"covered":2,"skipped":0,"pct":50},"functions":{"total":3,"covered":1,"skipped":0,"pct":33.33},"statements":{"total":4,"covered":2,"skipped":0,"pct":50},"branches":{"total":2,"covered":1,"skipped":0,"pct":50}}
}
