TN:
SF:..\..\..\..\..\..\..\app\src\App.tsx
FN:8,(anonymous_0)
FN:9,(anonymous_1)
FN:14,App
FNF:3
FNH:3
FNDA:2,(anonymous_0)
FNDA:4,(anonymous_1)
FNDA:2,App
DA:8,2
DA:9,4
DA:11,2
DA:12,2
DA:16,2
LF:5
LH:5
BRF:0
BRH:0
end_of_record
TN:
SF:..\..\..\..\..\..\..\app\src\main.tsx
FNF:0
FNH:0
DA:13,2
LF:1
LH:1
BRF:0
BRH:0
end_of_record
TN:
SF:..\..\..\..\..\..\..\app\src\components\Carousel.tsx
FN:13,(anonymous_0)
FN:17,(anonymous_1)
FN:18,(anonymous_2)
FN:40,(anonymous_3)
FN:65,(anonymous_4)
FNF:5
FNH:0
FNDA:0,(anonymous_0)
FNDA:0,(anonymous_1)
FNDA:0,(anonymous_2)
FNDA:0,(anonymous_3)
FNDA:0,(anonymous_4)
DA:13,2
DA:14,0
DA:15,0
DA:17,0
DA:18,0
DA:19,0
DA:20,0
DA:21,0
DA:31,0
DA:32,0
DA:37,0
DA:38,0
DA:40,0
DA:41,0
DA:43,0
DA:45,0
DA:49,0
DA:50,0
DA:54,0
DA:66,0
LF:20
LH:1
BRDA:31,0,0,0
BRDA:49,1,0,0
BRDA:56,2,0,0
BRDA:56,2,1,0
BRF:4
BRH:0
end_of_record
TN:
SF:..\..\..\..\..\..\..\app\src\components\CountryDetailsModal.tsx
FN:14,CountryDetailsModal
FN:22,(anonymous_1)
FN:34,(anonymous_2)
FN:38,(anonymous_3)
FN:84,(anonymous_4)
FN:97,(anonymous_5)
FN:102,(anonymous_6)
FNF:7
FNH:3
FNDA:2,CountryDetailsModal
FNDA:1,(anonymous_1)
FNDA:1,(anonymous_2)
FNDA:0,(anonymous_3)
FNDA:0,(anonymous_4)
FNDA:0,(anonymous_5)
FNDA:0,(anonymous_6)
DA:20,2
DA:22,2
DA:23,1
DA:24,0
DA:25,0
DA:28,0
DA:30,0
DA:34,2
DA:35,1
DA:38,2
DA:39,0
DA:40,0
DA:42,0
DA:44,0
DA:45,0
DA:51,0
DA:52,0
DA:54,0
DA:58,2
DA:85,0
DA:97,0
DA:102,0
LF:22
LH:7
BRDA:23,0,0,1
BRDA:39,1,0,0
BRDA:39,1,1,0
BRDA:42,2,0,0
BRDA:42,3,0,0
BRDA:42,3,1,0
BRDA:61,4,0,2
BRDA:61,4,1,0
BRDA:74,5,0,0
BRDA:74,5,1,2
BRDA:86,6,0,0
BRDA:86,6,1,0
BRF:12
BRH:3
end_of_record
TN:
SF:..\..\..\..\..\..\..\app\src\components\Footer.tsx
FN:1,Footer
FNF:1
FNH:1
FNDA:2,Footer
DA:2,2
LF:1
LH:1
BRF:0
BRH:0
end_of_record
TN:
SF:..\..\..\..\..\..\..\app\src\components\LoginForm.tsx
FN:19,LoginForm
FN:24,(anonymous_1)
FN:41,(anonymous_2)
FN:67,(anonymous_3)
FNF:4
FNH:4
FNDA:4,LoginForm
FNDA:2,(anonymous_1)
FNDA:1,(anonymous_2)
FNDA:116,(anonymous_3)
DA:10,2
DA:20,4
DA:21,4
DA:22,4
DA:24,4
DA:25,2
DA:26,2
DA:31,1
DA:32,1
DA:35,1
DA:39,1
DA:41,1
DA:42,1
DA:45,1
DA:46,1
DA:47,1
DA:51,4
DA:68,116
LF:18
LH:18
BRDA:55,0,0,4
BRDA:55,0,1,2
BRDA:72,1,0,116
BRDA:72,1,1,44
BRDA:86,2,0,116
BRDA:86,2,1,6
BRF:6
BRH:6
end_of_record
TN:
SF:..\..\..\..\..\..\..\app\src\components\NavBar.tsx
FN:4,Navbar
FN:5,(anonymous_1)
FNF:2
FNH:1
FNDA:2,Navbar
FNDA:0,(anonymous_1)
DA:5,2
DA:6,0
DA:8,2
LF:3
LH:2
BRF:0
BRH:0
end_of_record
TN:
SF:..\..\..\..\..\..\..\app\src\components\RegisterForm.tsx
FN:21,RegisterForm
FN:26,(anonymous_1)
FN:43,(anonymous_2)
FN:51,(anonymous_3)
FN:79,(anonymous_4)
FNF:5
FNH:2
FNDA:2,RegisterForm
FNDA:0,(anonymous_1)
FNDA:0,(anonymous_2)
FNDA:0,(anonymous_3)
FNDA:2,(anonymous_4)
DA:10,2
DA:22,2
DA:23,2
DA:24,2
DA:26,2
DA:27,0
DA:28,0
DA:33,0
DA:34,0
DA:37,0
DA:41,0
DA:43,0
DA:44,0
DA:47,0
DA:50,0
DA:51,0
DA:52,0
DA:55,0
DA:56,0
DA:57,0
DA:61,2
DA:80,2
LF:22
LH:7
BRDA:65,0,0,2
BRDA:65,0,1,0
BRDA:84,1,0,2
BRDA:84,1,1,0
BRDA:98,2,0,2
BRDA:98,2,1,0
BRDA:112,3,0,2
BRDA:112,3,1,0
BRDA:126,4,0,2
BRDA:126,4,1,0
BRF:10
BRH:5
end_of_record
TN:
SF:..\..\..\..\..\..\..\app\src\components\TravelList.tsx
FN:13,TravelList
FN:18,(anonymous_1)
FN:26,(anonymous_2)
FN:41,(anonymous_3)
FN:49,(anonymous_4)
FNF:5
FNH:3
FNDA:2,TravelList
FNDA:0,(anonymous_1)
FNDA:4,(anonymous_2)
FNDA:6,(anonymous_3)
FNDA:0,(anonymous_4)
DA:18,2
DA:19,0
DA:23,2
DA:26,2
DA:37,4
DA:42,6
DA:49,0
DA:66,2
LF:8
LH:6
BRDA:39,0,0,2
BRDA:39,0,1,2
BRDA:60,1,0,1
BRDA:60,1,1,1
BRF:4
BRH:4
end_of_record
TN:
SF:..\..\..\..\..\..\..\app\src\components\WorldMap.tsx
FN:13,WorldMap
FN:25,(anonymous_1)
FN:39,(anonymous_2)
FN:49,(anonymous_3)
FN:57,(anonymous_4)
FN:60,(anonymous_5)
FN:64,(anonymous_6)
FN:78,(anonymous_7)
FN:87,(anonymous_8)
FN:92,(anonymous_9)
FN:97,(anonymous_10)
FNF:11
FNH:3
FNDA:2,WorldMap
FNDA:1,(anonymous_1)
FNDA:1,(anonymous_2)
FNDA:0,(anonymous_3)
FNDA:0,(anonymous_4)
FNDA:0,(anonymous_5)
FNDA:0,(anonymous_6)
FNDA:0,(anonymous_7)
FNDA:0,(anonymous_8)
FNDA:0,(anonymous_9)
FNDA:0,(anonymous_10)
DA:18,2
DA:19,2
DA:21,2
DA:22,2
DA:25,2
DA:26,1
DA:30,1
DA:32,1
DA:37,1
DA:39,1
DA:40,1
DA:41,1
DA:42,0
DA:44,0
DA:45,0
DA:48,0
DA:49,0
DA:58,0
DA:60,0
DA:61,0
DA:64,0
DA:65,0
DA:70,0
DA:72,0
DA:76,1
DA:78,1
DA:79,0
DA:80,0
DA:81,0
DA:82,0
DA:84,0
DA:87,1
DA:88,0
DA:89,0
DA:92,1
DA:93,0
DA:97,2
DA:98,0
DA:101,2
LF:39
LH:18
BRDA:44,0,0,0
BRDA:79,1,0,0
BRDA:79,1,1,0
BRDA:81,2,0,0
BRF:4
BRH:0
end_of_record
TN:
SF:..\..\..\..\..\..\..\app\src\pages\HomePage.tsx
FN:8,HomePage
FN:17,(anonymous_1)
FN:27,(anonymous_2)
FN:32,(anonymous_3)
FN:43,(anonymous_4)
FN:44,(anonymous_5)
FN:47,(anonymous_6)
FN:48,(anonymous_7)
FNF:8
FNH:3
FNDA:2,HomePage
FNDA:1,(anonymous_1)
FNDA:1,(anonymous_2)
FNDA:0,(anonymous_3)
FNDA:0,(anonymous_4)
FNDA:0,(anonymous_5)
FNDA:0,(anonymous_6)
FNDA:0,(anonymous_7)
DA:9,2
DA:10,2
DA:11,2
DA:13,2
DA:14,2
DA:17,2
DA:18,1
DA:19,1
DA:20,1
DA:21,1
DA:23,0
DA:27,2
DA:28,1
DA:32,2
DA:36,0
DA:37,0
DA:41,0
DA:42,0
DA:43,0
DA:44,0
DA:46,0
DA:47,0
DA:48,0
DA:53,0
DA:57,2
LF:25
LH:14
BRDA:9,0,0,2
BRDA:9,0,1,0
BRDA:20,1,0,1
BRDA:20,1,1,0
BRDA:21,2,0,1
BRDA:21,2,1,0
BRDA:41,3,0,0
BRDA:42,4,0,0
BRDA:42,4,1,0
BRDA:46,5,0,0
BRF:10
BRH:3
end_of_record
TN:
SF:..\..\..\..\..\..\..\app\src\pages\LogRegPage.tsx
FN:9,FlipCard
FN:26,(anonymous_1)
FN:36,(anonymous_2)
FNF:3
FNH:1
FNDA:2,FlipCard
FNDA:0,(anonymous_1)
FNDA:0,(anonymous_2)
DA:10,2
DA:12,2
DA:26,0
DA:36,0
LF:4
LH:2
BRDA:19,0,0,0
BRDA:19,0,1,2
BRF:2
BRH:1
end_of_record
