TN:
SF:..\..\..\..\..\..\..\app\src\App.tsx
FN:8,(anonymous_0)
FN:9,(anonymous_1)
FN:14,App
FNF:3
FNH:3
FNDA:152,(anonymous_0)
FNDA:208,(anonymous_1)
FNDA:120,App
DA:8,152
DA:9,208
DA:11,120
DA:12,120
DA:16,120
LF:5
LH:5
BRF:0
BRH:0
end_of_record
TN:
SF:..\..\..\..\..\..\..\app\src\main.tsx
FNF:0
FNH:0
DA:9,60
LF:1
LH:1
BRF:0
BRH:0
end_of_record
TN:
SF:..\..\..\..\..\..\..\app\src\components\Carousel.tsx
FN:12,(anonymous_0)
FN:15,(anonymous_1)
FN:16,(anonymous_2)
FN:37,(anonymous_3)
FN:51,(anonymous_4)
FN:52,(anonymous_4)
FNF:6
FNH:6
FNDA:35,(anonymous_0)
FNDA:12,(anonymous_1)
FNDA:12,(anonymous_2)
FNDA:40,(anonymous_3)
FNDA:57,(anonymous_4)
FNDA:70,(anonymous_4)
DA:12,60
DA:13,35
DA:15,35
DA:16,12
DA:17,12
DA:18,12
DA:28,8
DA:29,0
DA:34,8
DA:35,8
DA:37,40
DA:38,8
DA:40,0
DA:44,12
DA:45,12
DA:49,35
DA:52,70
LF:17
LH:15
BRDA:28,0,0,0
BRDA:44,1,0,12
BRF:2
BRH:1
end_of_record
TN:
SF:..\..\..\..\..\..\..\app\src\components\CountryDetailsModal.tsx
FN:13,CountryDetailsModal
FN:21,(anonymous_1)
FN:33,(anonymous_2)
FN:37,(anonymous_3)
FN:81,(anonymous_4)
FN:94,(anonymous_5)
FN:99,(anonymous_6)
FN:22,(anonymous_1)
FN:34,(anonymous_2)
FN:38,(anonymous_3)
FN:83,(anonymous_4)
FN:97,(anonymous_5)
FN:102,(anonymous_6)
FNF:13
FNH:13
FNDA:119,CountryDetailsModal
FNDA:173,(anonymous_1)
FNDA:173,(anonymous_2)
FNDA:129,(anonymous_3)
FNDA:301,(anonymous_4)
FNDA:125,(anonymous_5)
FNDA:125,(anonymous_6)
FNDA:171,(anonymous_1)
FNDA:171,(anonymous_2)
FNDA:127,(anonymous_3)
FNDA:299,(anonymous_4)
FNDA:123,(anonymous_5)
FNDA:123,(anonymous_6)
DA:19,119
DA:21,240
DA:22,171
DA:23,131
DA:24,129
DA:25,20
DA:27,20
DA:28,20
DA:29,10
DA:30,119
DA:33,119
DA:34,173
DA:35,171
DA:37,119
DA:38,121
DA:39,256
DA:41,129
DA:43,129
DA:44,16
DA:50,16
DA:51,32
DA:52,16
DA:53,8
DA:54,119
DA:57,119
DA:82,301
DA:83,299
DA:94,125
DA:97,123
DA:99,125
DA:102,123
LF:31
LH:31
BRDA:22,0,0,42
BRDA:38,1,0,8
BRDA:38,1,1,0
BRDA:41,2,0,0
BRDA:41,3,0,8
BRDA:41,3,1,8
BRDA:61,4,0,180
BRDA:61,4,1,45
BRDA:72,5,0,30
BRDA:72,5,1,89
BRDA:83,6,0,210
BRDA:83,6,1,91
BRDA:22,7,0,42
BRDA:39,8,0,8
BRDA:39,8,1,0
BRDA:41,9,0,0
BRDA:41,10,0,8
BRDA:41,10,1,8
BRDA:62,11,0,60
BRDA:62,11,1,15
BRDA:75,12,0,30
BRDA:75,12,1,91
BRDA:92,13,0,180
BRDA:92,13,1,0
BRF:24
BRH:19
end_of_record
TN:
SF:..\..\..\..\..\..\..\app\src\components\Footer.tsx
FN:1,Footer
FNF:1
FNH:1
FNDA:176,Footer
DA:2,176
LF:1
LH:1
BRF:0
BRH:0
end_of_record
TN:
SF:..\..\..\..\..\..\..\app\src\components\LoginForm.tsx
FN:19,LoginForm
FN:24,(anonymous_1)
FN:41,(anonymous_2)
FN:67,(anonymous_3)
FNF:4
FNH:4
FNDA:151,LoginForm
FNDA:62,(anonymous_1)
FNDA:48,(anonymous_2)
FNDA:2999,(anonymous_3)
DA:10,120
DA:20,151
DA:21,151
DA:22,151
DA:24,151
DA:25,62
DA:26,62
DA:31,56
DA:32,56
DA:35,56
DA:39,56
DA:41,56
DA:42,48
DA:45,4
DA:46,4
DA:47,4
DA:51,151
DA:68,2999
LF:18
LH:18
BRDA:55,0,0,151
BRDA:55,0,1,60
BRDA:72,1,0,2999
BRDA:72,1,1,894
BRDA:86,2,0,2999
BRDA:86,2,1,184
BRF:6
BRH:6
end_of_record
TN:
SF:..\..\..\..\..\..\..\app\src\components\NavBar.tsx
FN:4,Navbar
FN:5,(anonymous_1)
FNF:2
FNH:1
FNDA:176,Navbar
FNDA:0,(anonymous_1)
DA:5,176
DA:6,0
DA:8,176
LF:3
LH:2
BRF:0
BRH:0
end_of_record
TN:
SF:..\..\..\..\..\..\..\app\src\components\RegisterForm.tsx
FN:21,RegisterForm
FN:26,(anonymous_1)
FN:43,(anonymous_2)
FN:51,(anonymous_3)
FN:79,(anonymous_4)
FNF:5
FNH:4
FNDA:99,RegisterForm
FNDA:8,(anonymous_1)
FNDA:8,(anonymous_2)
FNDA:0,(anonymous_3)
FNDA:1435,(anonymous_4)
DA:10,120
DA:22,99
DA:23,99
DA:24,99
DA:26,99
DA:27,8
DA:28,8
DA:33,8
DA:34,8
DA:37,8
DA:41,8
DA:43,8
DA:44,8
DA:47,8
DA:50,8
DA:51,8
DA:52,0
DA:55,0
DA:56,0
DA:57,0
DA:61,99
DA:80,1435
LF:22
LH:18
BRDA:65,0,0,99
BRDA:65,0,1,8
BRDA:84,1,0,1435
BRDA:84,1,1,1008
BRDA:98,2,0,1435
BRDA:98,2,1,872
BRDA:112,3,0,1435
BRDA:112,3,1,248
BRDA:126,4,0,1435
BRDA:126,4,1,40
BRF:10
BRH:10
end_of_record
TN:
SF:..\..\..\..\..\..\..\app\src\components\TravelList.tsx
FN:13,TravelList
FN:18,(anonymous_1)
FN:26,(anonymous_2)
FN:41,(anonymous_3)
FN:49,(anonymous_4)
FNF:5
FNH:5
FNDA:176,TravelList
FNDA:8,(anonymous_1)
FNDA:352,(anonymous_2)
FNDA:665,(anonymous_3)
FNDA:8,(anonymous_4)
DA:18,176
DA:19,8
DA:23,176
DA:26,176
DA:37,352
DA:42,665
DA:49,8
DA:66,176
LF:8
LH:8
BRDA:39,0,0,174
BRDA:39,0,1,178
BRDA:60,1,0,243
BRDA:60,1,1,243
BRF:4
BRH:4
end_of_record
TN:
SF:..\..\..\..\..\..\..\app\src\components\WorldMap.tsx
FN:13,WorldMap
FN:25,(anonymous_1)
FN:39,(anonymous_2)
FN:49,(anonymous_3)
FN:57,(anonymous_4)
FN:60,(anonymous_5)
FN:64,(anonymous_6)
FN:78,(anonymous_7)
FN:87,(anonymous_8)
FN:92,(anonymous_9)
FN:97,(anonymous_10)
FNF:11
FNH:11
FNDA:220,WorldMap
FNDA:172,(anonymous_1)
FNDA:172,(anonymous_2)
FNDA:20160,(anonymous_3)
FNDA:20160,(anonymous_4)
FNDA:24,(anonymous_5)
FNDA:24,(anonymous_6)
FNDA:20160,(anonymous_7)
FNDA:24,(anonymous_8)
FNDA:88,(anonymous_9)
FNDA:20,(anonymous_10)
DA:18,220
DA:19,220
DA:21,220
DA:22,220
DA:25,220
DA:26,172
DA:30,172
DA:32,172
DA:37,172
DA:39,172
DA:40,172
DA:41,172
DA:42,112
DA:44,112
DA:45,57
DA:48,112
DA:49,20160
DA:58,20160
DA:60,20160
DA:61,24
DA:64,20160
DA:65,24
DA:70,112
DA:72,38
DA:76,172
DA:78,172
DA:79,20160
DA:80,207
DA:81,19953
DA:82,143
DA:84,19810
DA:87,172
DA:88,24
DA:89,24
DA:92,172
DA:93,88
DA:97,220
DA:98,20
DA:101,220
LF:39
LH:39
BRDA:44,0,0,57
BRDA:79,1,0,207
BRDA:79,1,1,19953
BRDA:81,2,0,143
BRF:4
BRH:4
end_of_record
TN:
SF:..\..\..\..\..\..\..\app\src\pages\HomePage.tsx
FN:8,HomePage
FN:17,(anonymous_1)
FN:27,(anonymous_2)
FN:32,(anonymous_3)
FN:43,(anonymous_4)
FN:44,(anonymous_5)
FN:47,(anonymous_6)
FN:48,(anonymous_7)
FNF:8
FNH:8
FNDA:176,HomePage
FNDA:100,(anonymous_1)
FNDA:84,(anonymous_2)
FNDA:8,(anonymous_3)
FNDA:4,(anonymous_4)
FNDA:16,(anonymous_5)
FNDA:4,(anonymous_6)
FNDA:18,(anonymous_7)
DA:9,176
DA:10,176
DA:11,176
DA:13,176
DA:14,176
DA:17,176
DA:18,100
DA:19,100
DA:20,87
DA:21,87
DA:23,4
DA:27,176
DA:28,84
DA:32,176
DA:36,8
DA:37,8
DA:41,8
DA:42,8
DA:43,4
DA:44,16
DA:46,4
DA:47,4
DA:48,18
DA:53,0
DA:57,176
LF:25
LH:24
BRDA:9,0,0,176
BRDA:9,0,1,4
BRDA:20,1,0,87
BRDA:20,1,1,0
BRDA:21,2,0,87
BRDA:21,2,1,0
BRDA:41,3,0,8
BRDA:42,4,0,4
BRDA:42,4,1,4
BRDA:46,5,0,4
BRF:10
BRH:8
end_of_record
TN:
SF:..\..\..\..\..\..\..\app\src\pages\LogRegPage.tsx
FN:9,FlipCard
FN:26,(anonymous_1)
FN:36,(anonymous_2)
FNF:3
FNH:2
FNDA:91,FlipCard
FNDA:3,(anonymous_1)
FNDA:0,(anonymous_2)
DA:10,91
DA:12,91
DA:26,3
DA:36,0
LF:4
LH:3
BRDA:19,0,0,3
BRDA:19,0,1,88
BRF:2
BRH:2
end_of_record
