{
  "/app/src/App.tsx": {
    "path": "C:\\Users\\gozde\\Desktop\\JSU\\Testning_Typescript\\TravelList\\frontend\\src\\App.tsx",
    "statementMap": {
      "0": {
        "start": {
          "line": 6,
          "column": 17
        },
        "end": {
          "line": 6,
          "column": 66
        }
      },
      "1": {
        "start": {
          "line": 6,
          "column": 39
        },
        "end": {
          "line": 6,
          "column": 65
        }
      },
      "2": {
        "start": {
          "line": 7,
          "column": 19
        },
        "end": {
          "line": 7,
          "column": 70
        }
      },
      "3": {
        "start": {
          "line": 7,
          "column": 41
        },
        "end": {
          "line": 7,
          "column": 69
        }
      },
      "4": {
        "start": {
          "line": 8,
          "column": 0
        },
        "end": {
          "line": 8,
          "column": 19
        }
      },
      "5": {
        "start": {
          "line": 9,
          "column": 0
        },
        "end": {
          "line": 9,
          "column": 21
        }
      },
      "6": {
        "start": {
          "line": 11,
          "column": 2
        },
        "end": {
          "line": 14,
          "column": 13
        }
      }
    },
    "fnMap": {
      "0": {
        "name": "(anonymous_0)",
        "decl": {
          "start": {
            "line": 6,
            "column": 33
          },
          "end": {
            "line": 6,
            "column": 34
          }
        },
        "loc": {
          "start": {
            "line": 6,
            "column": 39
          },
          "end": {
            "line": 6,
            "column": 65
          }
        },
        "line": 6
      },
      "1": {
        "name": "(anonymous_1)",
        "decl": {
          "start": {
            "line": 7,
            "column": 35
          },
          "end": {
            "line": 7,
            "column": 36
          }
        },
        "loc": {
          "start": {
            "line": 7,
            "column": 41
          },
          "end": {
            "line": 7,
            "column": 69
          }
        },
        "line": 7
      },
      "2": {
        "name": "App",
        "decl": {
          "start": {
            "line": 10,
            "column": 24
          },
          "end": {
            "line": 10,
            "column": 27
          }
        },
        "loc": {
          "start": {
            "line": 10,
            "column": 30
          },
          "end": {
            "line": 15,
            "column": 1
          }
        },
        "line": 10
      }
    },
    "branchMap": {},
    "s": {
      "0": 120,
      "1": 152,
      "2": 120,
      "3": 208,
      "4": 120,
      "5": 120,
      "6": 120
    },
    "f": {
      "0": 152,
      "1": 208,
      "2": 120
    },
    "b": {},
    "inputSourceMap": {
      "version": 3,
      "file": null,
      "sources": [
        "/app/src/App.tsx"
      ],
      "names": [],
      "mappings": "AAiB0B,cAClB,YADkB;AAjB1B,SAAS,gBAAgB;AACzB,SAAS,iBAAiB,QAAQ,QAAQ,aAAa;AACvD,SAAS,uBAAuB;AAGhC,OAAO;AAEP,MAAM,WAAW,gBAAgB,MAAM,OAAO,kBAAkB,CAAC;AACjE,MAAM,aAAa,gBAAgB,MAAM,OAAO,oBAAoB,CAAC;AAErE,SAAS,QAAQ;AACjB,WAAW,QAAQ;AAEnB,wBAAwB,MAAM;AAE5B,SACE,oBAAC,UACC,8BAAC,YAAS,UAAU,oBAAC,SAAI,wBAAU,GACjC,+BAAC,UACC;AAAA,wBAAC,SAAM,MAAK,SAAQ,SAAS,oBAAC,YAAS,GAAI;AAAA,IAC3C,oBAAC,SAAM,MAAK,KAAI,SAAS,oBAAC,cAAW,GAAI;AAAA,KAC3C,GACF,GACF;AAEJ;"
    },
    "_coverageSchema": "1a1c01bbd47fc00a2c39e90264f33305004495a9",
    "hash": "4fc68eabe6a2ebb7c36a37c6718e084a9d2c4ac4"
  },
  "/app/src/main.tsx": {
    "path": "C:\\Users\\gozde\\Desktop\\JSU\\Testning_Typescript\\TravelList\\frontend\\src\\main.tsx",
    "statementMap": {
      "0": {
        "start": {
          "line": 8,
          "column": 0
        },
        "end": {
          "line": 8,
          "column": 90
        }
      },
      "1": {
        "start": {
          "line": 11,
          "column": 0
        },
        "end": {
          "line": 11,
          "column": 90
        }
      }
    },
    "fnMap": {},
    "branchMap": {},
    "s": {
      "0": 60,
      "1": 60
    },
    "f": {},
    "b": {},
    "inputSourceMap": {
      "version": 3,
      "file": null,
      "sources": [
        "/app/src/main.tsx"
      ],
      "names": [],
      "mappings": "AAQ6D;AAR7D,OAAO,cAAc;AACrB,OAAO,SAAS;AAChB,OAAO;AAEP,OAAO;AACP,OAAO;AACP,OAAO;AAEP,SAAS,WAAW,SAAS,eAAe,MAAM,CAAE,EAAE,OAAO,oBAAC,OAAI,CAAE;"
    },
    "_coverageSchema": "1a1c01bbd47fc00a2c39e90264f33305004495a9",
    "hash": "bc92a4ad20eba00f1a6f49206545a8cd430374da"
  },
  "/app/src/components/NavBar.tsx": {
    "path": "C:\\Users\\gozde\\Desktop\\JSU\\Testning_Typescript\\TravelList\\frontend\\src\\components\\NavBar.tsx",
    "statementMap": {
      "0": {
        "start": {
          "line": 5,
          "column": 23
        },
        "end": {
          "line": 7,
          "column": 3
        }
      },
      "1": {
        "start": {
          "line": 6,
          "column": 4
        },
        "end": {
          "line": 6,
          "column": 38
        }
      },
      "2": {
        "start": {
          "line": 8,
          "column": 2
        },
        "end": {
          "line": 20,
          "column": 4
        }
      }
    },
    "fnMap": {
      "0": {
        "name": "Navbar",
        "decl": {
          "start": {
            "line": 4,
            "column": 24
          },
          "end": {
            "line": 4,
            "column": 30
          }
        },
        "loc": {
          "start": {
            "line": 4,
            "column": 33
          },
          "end": {
            "line": 21,
            "column": 1
          }
        },
        "line": 4
      },
      "1": {
        "name": "(anonymous_1)",
        "decl": {
          "start": {
            "line": 5,
            "column": 23
          },
          "end": {
            "line": 5,
            "column": 24
          }
        },
        "loc": {
          "start": {
            "line": 5,
            "column": 29
          },
          "end": {
            "line": 7,
            "column": 3
          }
        },
        "line": 5
      }
    },
    "branchMap": {},
    "s": {
      "0": 176,
      "1": 0,
      "2": 176
    },
    "f": {
      "0": 176,
      "1": 0
    },
    "b": {},
    "inputSourceMap": {
      "version": 3,
      "file": null,
      "sources": [
        "/app/src/components/NavBar.tsx"
      ],
      "names": [],
      "mappings": "AAYM,SACE,KADF;AAZN,SAAS,YAAY;AACrB,SAAS,UAAU,iBAAiB,KAAK,iBAAiB;AAE1D,wBAAwB,SAAS;AAC/B,QAAM,eAAe,MAAM;AACzB,iBAAa,WAAW,QAAQ;AAAA,EAClC;AACA,SACE;AAAA,IAAC;AAAA;AAAA,MACC,OAAO,EAAE,iBAAiB,UAAU;AAAA,MACpC,QAAO;AAAA,MACP,SAAQ;AAAA,MACR,+BAAC,aACC;AAAA,4BAAC,gBAAgB,OAAhB,EAAsB,IAAI,MAAM,IAAG,KAAI,2BAExC;AAAA,QACA,oBAAC,gBAAgB,QAAhB,EAAuB,iBAAc,oBAAmB;AAAA,QACzD,oBAAC,gBAAgB,UAAhB,EAAyB,IAAG,oBAC3B,8BAAC,OAAI,WAAU,WACb,8BAAC,IAAI,MAAJ,EAAS,IAAI,MAAM,IAAG,KAAI,SAAS,cAAc,qBAElD,GACF,GACF;AAAA,SACF;AAAA;AAAA,EACF;AAEJ;"
    },
    "_coverageSchema": "1a1c01bbd47fc00a2c39e90264f33305004495a9",
    "hash": "2a9046955767c8e661dd325705a693d469039d62"
  },
  "/app/src/components/CountryDetailsModal.tsx": {
    "path": "C:\\Users\\gozde\\Desktop\\JSU\\Testning_Typescript\\TravelList\\frontend\\src\\components\\CountryDetailsModal.tsx",
    "statementMap": {
      "0": {
        "start": {
          "line": 11,
          "column": 46
        },
        "end": {
          "line": 11,
          "column": 60
        }
      },
      "1": {
        "start": {
          "line": 12,
          "column": 30
        },
        "end": {
          "line": 23,
          "column": 19
        }
      },
      "2": {
        "start": {
          "line": 13,
          "column": 4
        },
        "end": {
          "line": 14,
          "column": 13
        }
      },
      "3": {
        "start": {
          "line": 14,
          "column": 6
        },
        "end": {
          "line": 14,
          "column": 13
        }
      },
      "4": {
        "start": {
          "line": 15,
          "column": 4
        },
        "end": {
          "line": 22,
          "column": 5
        }
      },
      "5": {
        "start": {
          "line": 16,
          "column": 23
        },
        "end": {
          "line": 18,
          "column": 7
        }
      },
      "6": {
        "start": {
          "line": 19,
          "column": 6
        },
        "end": {
          "line": 19,
          "column": 30
        }
      },
      "7": {
        "start": {
          "line": 21,
          "column": 6
        },
        "end": {
          "line": 21,
          "column": 62
        }
      },
      "8": {
        "start": {
          "line": 24,
          "column": 2
        },
        "end": {
          "line": 26,
          "column": 28
        }
      },
      "9": {
        "start": {
          "line": 25,
          "column": 4
        },
        "end": {
          "line": 25,
          "column": 26
        }
      },
      "10": {
        "start": {
          "line": 27,
          "column": 28
        },
        "end": {
          "line": 43,
          "column": 3
        }
      },
      "11": {
        "start": {
          "line": 28,
          "column": 23
        },
        "end": {
          "line": 28,
          "column": 71
        }
      },
      "12": {
        "start": {
          "line": 29,
          "column": 19
        },
        "end": {
          "line": 29,
          "column": 37
        }
      },
      "13": {
        "start": {
          "line": 30,
          "column": 4
        },
        "end": {
          "line": 31,
          "column": 13
        }
      },
      "14": {
        "start": {
          "line": 31,
          "column": 6
        },
        "end": {
          "line": 31,
          "column": 13
        }
      },
      "15": {
        "start": {
          "line": 32,
          "column": 4
        },
        "end": {
          "line": 42,
          "column": 5
        }
      },
      "16": {
        "start": {
          "line": 33,
          "column": 6
        },
        "end": {
          "line": 37,
          "column": 9
        }
      },
      "17": {
        "start": {
          "line": 38,
          "column": 6
        },
        "end": {
          "line": 38,
          "column": 23
        }
      },
      "18": {
        "start": {
          "line": 39,
          "column": 6
        },
        "end": {
          "line": 39,
          "column": 17
        }
      },
      "19": {
        "start": {
          "line": 41,
          "column": 6
        },
        "end": {
          "line": 41,
          "column": 59
        }
      },
      "20": {
        "start": {
          "line": 44,
          "column": 2
        },
        "end": {
          "line": 92,
          "column": 7
        }
      },
      "21": {
        "start": {
          "line": 65,
          "column": 45
        },
        "end": {
          "line": 72,
          "column": 13
        }
      },
      "22": {
        "start": {
          "line": 78,
          "column": 25
        },
        "end": {
          "line": 78,
          "column": 45
        }
      },
      "23": {
        "start": {
          "line": 86,
          "column": 25
        },
        "end": {
          "line": 86,
          "column": 45
        }
      },
      "24": {
        "start": {
          "line": 12,
          "column": 46
        },
        "end": {
          "line": 12,
          "column": 60
        }
      },
      "25": {
        "start": {
          "line": 13,
          "column": 30
        },
        "end": {
          "line": 24,
          "column": 19
        }
      },
      "26": {
        "start": {
          "line": 14,
          "column": 4
        },
        "end": {
          "line": 15,
          "column": 13
        }
      },
      "27": {
        "start": {
          "line": 15,
          "column": 6
        },
        "end": {
          "line": 15,
          "column": 13
        }
      },
      "28": {
        "start": {
          "line": 16,
          "column": 4
        },
        "end": {
          "line": 23,
          "column": 5
        }
      },
      "29": {
        "start": {
          "line": 17,
          "column": 23
        },
        "end": {
          "line": 19,
          "column": 7
        }
      },
      "30": {
        "start": {
          "line": 20,
          "column": 6
        },
        "end": {
          "line": 20,
          "column": 30
        }
      },
      "31": {
        "start": {
          "line": 22,
          "column": 6
        },
        "end": {
          "line": 22,
          "column": 62
        }
      },
      "32": {
        "start": {
          "line": 25,
          "column": 2
        },
        "end": {
          "line": 27,
          "column": 28
        }
      },
      "33": {
        "start": {
          "line": 26,
          "column": 4
        },
        "end": {
          "line": 26,
          "column": 26
        }
      },
      "34": {
        "start": {
          "line": 28,
          "column": 28
        },
        "end": {
          "line": 44,
          "column": 3
        }
      },
      "35": {
        "start": {
          "line": 29,
          "column": 23
        },
        "end": {
          "line": 29,
          "column": 71
        }
      },
      "36": {
        "start": {
          "line": 30,
          "column": 19
        },
        "end": {
          "line": 30,
          "column": 37
        }
      },
      "37": {
        "start": {
          "line": 31,
          "column": 4
        },
        "end": {
          "line": 32,
          "column": 13
        }
      },
      "38": {
        "start": {
          "line": 32,
          "column": 6
        },
        "end": {
          "line": 32,
          "column": 13
        }
      },
      "39": {
        "start": {
          "line": 33,
          "column": 4
        },
        "end": {
          "line": 43,
          "column": 5
        }
      },
      "40": {
        "start": {
          "line": 34,
          "column": 6
        },
        "end": {
          "line": 38,
          "column": 9
        }
      },
      "41": {
        "start": {
          "line": 39,
          "column": 6
        },
        "end": {
          "line": 39,
          "column": 23
        }
      },
      "42": {
        "start": {
          "line": 40,
          "column": 6
        },
        "end": {
          "line": 40,
          "column": 17
        }
      },
      "43": {
        "start": {
          "line": 42,
          "column": 6
        },
        "end": {
          "line": 42,
          "column": 59
        }
      },
      "44": {
        "start": {
          "line": 45,
          "column": 2
        },
        "end": {
          "line": 96,
          "column": 7
        }
      },
      "45": {
        "start": {
          "line": 68,
          "column": 47
        },
        "end": {
          "line": 75,
          "column": 15
        }
      },
      "46": {
        "start": {
          "line": 82,
          "column": 25
        },
        "end": {
          "line": 82,
          "column": 45
        }
      },
      "47": {
        "start": {
          "line": 90,
          "column": 25
        },
        "end": {
          "line": 90,
          "column": 45
        }
      }
    },
    "fnMap": {
      "0": {
        "name": "CountryDetailsModal",
        "decl": {
          "start": {
            "line": 5,
            "column": 24
          },
          "end": {
            "line": 5,
            "column": 43
          }
        },
        "loc": {
          "start": {
            "line": 10,
            "column": 3
          },
          "end": {
            "line": 93,
            "column": 1
          }
        },
        "line": 10
      },
      "1": {
        "name": "(anonymous_1)",
        "decl": {
          "start": {
            "line": 12,
            "column": 42
          },
          "end": {
            "line": 12,
            "column": 43
          }
        },
        "loc": {
          "start": {
            "line": 12,
            "column": 54
          },
          "end": {
            "line": 23,
            "column": 3
          }
        },
        "line": 12
      },
      "2": {
        "name": "(anonymous_2)",
        "decl": {
          "start": {
            "line": 24,
            "column": 12
          },
          "end": {
            "line": 24,
            "column": 13
          }
        },
        "loc": {
          "start": {
            "line": 24,
            "column": 18
          },
          "end": {
            "line": 26,
            "column": 3
          }
        },
        "line": 24
      },
      "3": {
        "name": "(anonymous_3)",
        "decl": {
          "start": {
            "line": 27,
            "column": 28
          },
          "end": {
            "line": 27,
            "column": 29
          }
        },
        "loc": {
          "start": {
            "line": 27,
            "column": 48
          },
          "end": {
            "line": 43,
            "column": 3
          }
        },
        "line": 27
      },
      "4": {
        "name": "(anonymous_4)",
        "decl": {
          "start": {
            "line": 65,
            "column": 11
          },
          "end": {
            "line": 65,
            "column": 12
          }
        },
        "loc": {
          "start": {
            "line": 65,
            "column": 45
          },
          "end": {
            "line": 72,
            "column": 13
          }
        },
        "line": 65
      },
      "5": {
        "name": "(anonymous_5)",
        "decl": {
          "start": {
            "line": 78,
            "column": 19
          },
          "end": {
            "line": 78,
            "column": 20
          }
        },
        "loc": {
          "start": {
            "line": 78,
            "column": 25
          },
          "end": {
            "line": 78,
            "column": 45
          }
        },
        "line": 78
      },
      "6": {
        "name": "(anonymous_6)",
        "decl": {
          "start": {
            "line": 86,
            "column": 19
          },
          "end": {
            "line": 86,
            "column": 20
          }
        },
        "loc": {
          "start": {
            "line": 86,
            "column": 25
          },
          "end": {
            "line": 86,
            "column": 45
          }
        },
        "line": 86
      },
      "7": {
        "name": "CountryDetailsModal",
        "decl": {
          "start": {
            "line": 6,
            "column": 24
          },
          "end": {
            "line": 6,
            "column": 43
          }
        },
        "loc": {
          "start": {
            "line": 11,
            "column": 3
          },
          "end": {
            "line": 97,
            "column": 1
          }
        },
        "line": 11
      },
      "8": {
        "name": "(anonymous_1)",
        "decl": {
          "start": {
            "line": 13,
            "column": 42
          },
          "end": {
            "line": 13,
            "column": 43
          }
        },
        "loc": {
          "start": {
            "line": 13,
            "column": 54
          },
          "end": {
            "line": 24,
            "column": 3
          }
        },
        "line": 13
      },
      "9": {
        "name": "(anonymous_2)",
        "decl": {
          "start": {
            "line": 25,
            "column": 12
          },
          "end": {
            "line": 25,
            "column": 13
          }
        },
        "loc": {
          "start": {
            "line": 25,
            "column": 18
          },
          "end": {
            "line": 27,
            "column": 3
          }
        },
        "line": 25
      },
      "10": {
        "name": "(anonymous_3)",
        "decl": {
          "start": {
            "line": 28,
            "column": 28
          },
          "end": {
            "line": 28,
            "column": 29
          }
        },
        "loc": {
          "start": {
            "line": 28,
            "column": 48
          },
          "end": {
            "line": 44,
            "column": 3
          }
        },
        "line": 28
      },
      "11": {
        "name": "(anonymous_4)",
        "decl": {
          "start": {
            "line": 68,
            "column": 13
          },
          "end": {
            "line": 68,
            "column": 14
          }
        },
        "loc": {
          "start": {
            "line": 68,
            "column": 47
          },
          "end": {
            "line": 75,
            "column": 15
          }
        },
        "line": 68
      },
      "12": {
        "name": "(anonymous_5)",
        "decl": {
          "start": {
            "line": 82,
            "column": 19
          },
          "end": {
            "line": 82,
            "column": 20
          }
        },
        "loc": {
          "start": {
            "line": 82,
            "column": 25
          },
          "end": {
            "line": 82,
            "column": 45
          }
        },
        "line": 82
      },
      "13": {
        "name": "(anonymous_6)",
        "decl": {
          "start": {
            "line": 90,
            "column": 19
          },
          "end": {
            "line": 90,
            "column": 20
          }
        },
        "loc": {
          "start": {
            "line": 90,
            "column": 25
          },
          "end": {
            "line": 90,
            "column": 45
          }
        },
        "line": 90
      }
    },
    "branchMap": {
      "0": {
        "loc": {
          "start": {
            "line": 13,
            "column": 4
          },
          "end": {
            "line": 14,
            "column": 13
          }
        },
        "type": "if",
        "locations": [
          {
            "start": {
              "line": 13,
              "column": 4
            },
            "end": {
              "line": 14,
              "column": 13
            }
          },
          {
            "start": {},
            "end": {}
          }
        ],
        "line": 13
      },
      "1": {
        "loc": {
          "start": {
            "line": 28,
            "column": 34
          },
          "end": {
            "line": 28,
            "column": 70
          }
        },
        "type": "binary-expr",
        "locations": [
          {
            "start": {
              "line": 28,
              "column": 34
            },
            "end": {
              "line": 28,
              "column": 62
            }
          },
          {
            "start": {
              "line": 28,
              "column": 66
            },
            "end": {
              "line": 28,
              "column": 70
            }
          }
        ],
        "line": 28
      },
      "2": {
        "loc": {
          "start": {
            "line": 30,
            "column": 4
          },
          "end": {
            "line": 31,
            "column": 13
          }
        },
        "type": "if",
        "locations": [
          {
            "start": {
              "line": 30,
              "column": 4
            },
            "end": {
              "line": 31,
              "column": 13
            }
          },
          {
            "start": {},
            "end": {}
          }
        ],
        "line": 30
      },
      "3": {
        "loc": {
          "start": {
            "line": 30,
            "column": 8
          },
          "end": {
            "line": 30,
            "column": 34
          }
        },
        "type": "binary-expr",
        "locations": [
          {
            "start": {
              "line": 30,
              "column": 8
            },
            "end": {
              "line": 30,
              "column": 15
            }
          },
          {
            "start": {
              "line": 30,
              "column": 19
            },
            "end": {
              "line": 30,
              "column": 34
            }
          }
        ],
        "line": 30
      },
      "4": {
        "loc": {
          "start": {
            "line": 47,
            "column": 6
          },
          "end": {
            "line": 56,
            "column": 7
          }
        },
        "type": "binary-expr",
        "locations": [
          {
            "start": {
              "line": 47,
              "column": 6
            },
            "end": {
              "line": 47,
              "column": 34
            }
          },
          {
            "start": {
              "line": 47,
              "column": 54
            },
            "end": {
              "line": 56,
              "column": 7
            }
          }
        ],
        "line": 47
      },
      "5": {
        "loc": {
          "start": {
            "line": 58,
            "column": 48
          },
          "end": {
            "line": 72,
            "column": 100
          }
        },
        "type": "cond-expr",
        "locations": [
          {
            "start": {
              "line": 58,
              "column": 81
            },
            "end": {
              "line": 72,
              "column": 17
            }
          },
          {
            "start": {
              "line": 72,
              "column": 36
            },
            "end": {
              "line": 72,
              "column": 100
            }
          }
        ],
        "line": 58
      },
      "6": {
        "loc": {
          "start": {
            "line": 71,
            "column": 6
          },
          "end": {
            "line": 71,
            "column": 26
          }
        },
        "type": "binary-expr",
        "locations": [
          {
            "start": {
              "line": 71,
              "column": 6
            },
            "end": {
              "line": 71,
              "column": 11
            }
          },
          {
            "start": {
              "line": 71,
              "column": 15
            },
            "end": {
              "line": 71,
              "column": 26
            }
          }
        ],
        "line": 71
      },
      "7": {
        "loc": {
          "start": {
            "line": 14,
            "column": 4
          },
          "end": {
            "line": 15,
            "column": 13
          }
        },
        "type": "if",
        "locations": [
          {
            "start": {
              "line": 14,
              "column": 4
            },
            "end": {
              "line": 15,
              "column": 13
            }
          },
          {
            "start": {},
            "end": {}
          }
        ],
        "line": 14
      },
      "8": {
        "loc": {
          "start": {
            "line": 29,
            "column": 34
          },
          "end": {
            "line": 29,
            "column": 70
          }
        },
        "type": "binary-expr",
        "locations": [
          {
            "start": {
              "line": 29,
              "column": 34
            },
            "end": {
              "line": 29,
              "column": 62
            }
          },
          {
            "start": {
              "line": 29,
              "column": 66
            },
            "end": {
              "line": 29,
              "column": 70
            }
          }
        ],
        "line": 29
      },
      "9": {
        "loc": {
          "start": {
            "line": 31,
            "column": 4
          },
          "end": {
            "line": 32,
            "column": 13
          }
        },
        "type": "if",
        "locations": [
          {
            "start": {
              "line": 31,
              "column": 4
            },
            "end": {
              "line": 32,
              "column": 13
            }
          },
          {
            "start": {},
            "end": {}
          }
        ],
        "line": 31
      },
      "10": {
        "loc": {
          "start": {
            "line": 31,
            "column": 8
          },
          "end": {
            "line": 31,
            "column": 34
          }
        },
        "type": "binary-expr",
        "locations": [
          {
            "start": {
              "line": 31,
              "column": 8
            },
            "end": {
              "line": 31,
              "column": 15
            }
          },
          {
            "start": {
              "line": 31,
              "column": 19
            },
            "end": {
              "line": 31,
              "column": 34
            }
          }
        ],
        "line": 31
      },
      "11": {
        "loc": {
          "start": {
            "line": 48,
            "column": 6
          },
          "end": {
            "line": 57,
            "column": 7
          }
        },
        "type": "binary-expr",
        "locations": [
          {
            "start": {
              "line": 48,
              "column": 6
            },
            "end": {
              "line": 48,
              "column": 34
            }
          },
          {
            "start": {
              "line": 48,
              "column": 54
            },
            "end": {
              "line": 57,
              "column": 7
            }
          }
        ],
        "line": 48
      },
      "12": {
        "loc": {
          "start": {
            "line": 59,
            "column": 48
          },
          "end": {
            "line": 76,
            "column": 91
          }
        },
        "type": "cond-expr",
        "locations": [
          {
            "start": {
              "line": 59,
              "column": 81
            },
            "end": {
              "line": 76,
              "column": 8
            }
          },
          {
            "start": {
              "line": 76,
              "column": 27
            },
            "end": {
              "line": 76,
              "column": 91
            }
          }
        ],
        "line": 59
      },
      "13": {
        "loc": {
          "start": {
            "line": 74,
            "column": 8
          },
          "end": {
            "line": 74,
            "column": 28
          }
        },
        "type": "binary-expr",
        "locations": [
          {
            "start": {
              "line": 74,
              "column": 8
            },
            "end": {
              "line": 74,
              "column": 13
            }
          },
          {
            "start": {
              "line": 74,
              "column": 17
            },
            "end": {
              "line": 74,
              "column": 28
            }
          }
        ],
        "line": 74
      }
    },
    "s": {
      "0": 119,
      "1": 119,
      "2": 52,
      "3": 94,
      "4": 131,
      "5": 20,
      "6": 20,
      "7": 10,
      "8": 119,
      "9": 173,
      "10": 119,
      "11": 8,
      "12": 129,
      "13": 129,
      "14": 8,
      "15": 129,
      "16": 16,
      "17": 16,
      "18": 16,
      "19": 8,
      "20": 119,
      "21": 301,
      "22": 125,
      "23": 125,
      "24": 240,
      "25": 121,
      "26": 171,
      "27": 52,
      "28": 129,
      "29": 20,
      "30": 20,
      "31": 119,
      "32": 121,
      "33": 171,
      "34": 121,
      "35": 127,
      "36": 16,
      "37": 127,
      "38": 8,
      "39": 8,
      "40": 16,
      "41": 16,
      "42": 16,
      "43": 119,
      "44": 121,
      "45": 299,
      "46": 123,
      "47": 123
    },
    "f": {
      "0": 119,
      "1": 173,
      "2": 173,
      "3": 129,
      "4": 301,
      "5": 125,
      "6": 125,
      "7": 121,
      "8": 171,
      "9": 171,
      "10": 127,
      "11": 299,
      "12": 123,
      "13": 123
    },
    "b": {
      "0": [
        42,
        10
      ],
      "1": [
        8,
        0
      ],
      "2": [
        0,
        8
      ],
      "3": [
        8,
        8
      ],
      "4": [
        180,
        45
      ],
      "5": [
        30,
        89
      ],
      "6": [
        210,
        91
      ],
      "7": [
        42,
        10
      ],
      "8": [
        8,
        0
      ],
      "9": [
        0,
        8
      ],
      "10": [
        8,
        8
      ],
      "11": [
        60,
        15
      ],
      "12": [
        30,
        91
      ],
      "13": [
        180,
        0
      ]
    },
    "inputSourceMap": {
      "version": 3,
      "file": null,
      "sources": [
        "/app/src/components/CountryDetailsModal.tsx"
      ],
      "names": [],
      "mappings": "AA0DM,SACE,KADF;AA1DN,OAAO,WAAW;AAClB,SAAS,WAAW,UAAU,mBAAmB;AACjD,SAAS,OAAO,cAAc;AAU9B,wBAAwB,oBAAoB;AAAA,EAC1C;AAAA,EACA;AAAA,EACA;AAAA,EACA;AACF,GAAsB;AACpB,QAAM,CAAC,gBAAgB,iBAAiB,IAAI,SAAyB,IAAI;AAEzE,QAAM,sBAAsB,YAAY,YAAY;AAClD,QAAI,CAAC;AAAa;AAClB,QAAI;AACF,YAAM,EAAE,KAAK,IAAI,MAAM,MAAM;AAAA,QAC3B,kBAAkB,WAAW;AAAA,MAC/B;AACA,wBAAkB,IAAI;AAAA,IACxB,SAAS,OAAO;AACd,cAAQ,MAAM,mCAAmC,KAAK;AAAA,IACxD;AAAA,EACF,GAAG,CAAC,WAAW,CAAC;AAEhB,YAAU,MAAM;AACd,wBAAoB;AAAA,EACtB,GAAG,CAAC,mBAAmB,CAAC;AAExB,QAAM,oBAAoB,OAAO,aAAqB;AACpD,UAAM,aAAa,KAAK,MAAM,aAAa,QAAQ,MAAM,KAAK,IAAI;AAClE,UAAM,SAAS,YAAY;AAE3B,QAAI,CAAC,UAAU,CAAC;AAAgB;AAEhC,QAAI;AACF,YAAM,MAAM,KAAK,mBAAmB;AAAA,QAClC,SAAS;AAAA,QACT,YAAY,eAAe;AAAA,QAC3B,WAAW;AAAA,MACb,CAAC;AAED,eAAS,MAAM;AACf,eAAS;AAAA,IACX,SAAS,OAAO;AACd,cAAQ,MAAM,gCAAgC,KAAK;AAAA,IACrD;AAAA,EACF;AAEA,SACE,qBAAC,SAAM,MAAY,QAAQ,UACzB;AAAA,yBAAC,MAAM,QAAN,EAAa,aAAW,MACvB;AAAA,0BAAC,MAAM,OAAN,EAAa,uBAAY;AAAA,MACzB,gBAAgB,gBACf;AAAA,QAAC;AAAA;AAAA,UACC,KAAK,eAAe;AAAA,UACpB,KAAI;AAAA,UACJ,OAAO;AAAA,UACP,QAAQ;AAAA,UACR,WAAU;AAAA;AAAA,MACZ;AAAA,OAEJ;AAAA,IACA,oBAAC,MAAM,MAAN,EACE,2BACC,oBAAC,SACE,iBAAO,QAAQ;AAAA,MACd,aAAa,eAAe;AAAA,MAC5B,SAAS,eAAe;AAAA,MACxB,YAAY,eAAe,oBAAoB,eAAe;AAAA,MAC9D,WAAW,eAAe;AAAA,MAC1B,UAAU,eAAe;AAAA,MACzB,UAAU,eAAe;AAAA,IAC3B,CAAC,EAAE,IAAI,CAAC,CAAC,KAAK,KAAK,MACjB,qBAAC,OACC;AAAA,2BAAC,YAAQ;AAAA;AAAA,QAAI;AAAA,SAAC;AAAA,MAAS;AAAA,MAAE,SAAS;AAAA,SAD5B,GAER,CACD,GACH,IAEA,oBAAC,OAAE,oDAAsC,GAE7C;AAAA,IACA,qBAAC,MAAM,QAAN,EACC;AAAA;AAAA,QAAC;AAAA;AAAA,UACC,OAAO,EAAE,iBAAiB,WAAW,QAAQ,OAAO;AAAA,UACpD,SAAS,MAAM,kBAAkB,CAAC;AAAA,UAAG;AAAA;AAAA,MAEvC;AAAA,MACA;AAAA,QAAC;AAAA;AAAA,UACC,OAAO,EAAE,iBAAiB,WAAW,QAAQ,OAAO;AAAA,UACpD,SAAS,MAAM,kBAAkB,CAAC;AAAA,UAAG;AAAA;AAAA,MAEvC;AAAA,MACA,oBAAC,UAAO,SAAQ,aAAY,SAAS,UAAU,oBAE/C;AAAA,OACF;AAAA,KACF;AAEJ;"
    },
    "_coverageSchema": "1a1c01bbd47fc00a2c39e90264f33305004495a9",
    "hash": "7694e235bdb8115d09fa5d5d87ec55515b554043"
  },
  "/app/src/components/WorldMap.tsx": {
    "path": "C:\\Users\\gozde\\Desktop\\JSU\\Testning_Typescript\\TravelList\\frontend\\src\\components\\WorldMap.tsx",
    "statementMap": {
      "0": {
        "start": {
          "line": 11,
          "column": 36
        },
        "end": {
          "line": 11,
          "column": 51
        }
      },
      "1": {
        "start": {
          "line": 12,
          "column": 48
        },
        "end": {
          "line": 12,
          "column": 62
        }
      },
      "2": {
        "start": {
          "line": 13,
          "column": 26
        },
        "end": {
          "line": 13,
          "column": 38
        }
      },
      "3": {
        "start": {
          "line": 14,
          "column": 17
        },
        "end": {
          "line": 14,
          "column": 29
        }
      },
      "4": {
        "start": {
          "line": 15,
          "column": 2
        },
        "end": {
          "line": 73,
          "column": 42
        }
      },
      "5": {
        "start": {
          "line": 16,
          "column": 24
        },
        "end": {
          "line": 19,
          "column": 6
        }
      },
      "6": {
        "start": {
          "line": 20,
          "column": 4
        },
        "end": {
          "line": 20,
          "column": 33
        }
      },
      "7": {
        "start": {
          "line": 21,
          "column": 4
        },
        "end": {
          "line": 23,
          "column": 6
        }
      },
      "8": {
        "start": {
          "line": 24,
          "column": 23
        },
        "end": {
          "line": 24,
          "column": 105
        }
      },
      "9": {
        "start": {
          "line": 25,
          "column": 25
        },
        "end": {
          "line": 56,
          "column": 5
        }
      },
      "10": {
        "start": {
          "line": 26,
          "column": 6
        },
        "end": {
          "line": 55,
          "column": 7
        }
      },
      "11": {
        "start": {
          "line": 27,
          "column": 25
        },
        "end": {
          "line": 27,
          "column": 52
        }
      },
      "12": {
        "start": {
          "line": 28,
          "column": 26
        },
        "end": {
          "line": 28,
          "column": 39
        }
      },
      "13": {
        "start": {
          "line": 29,
          "column": 8
        },
        "end": {
          "line": 31,
          "column": 9
        }
      },
      "14": {
        "start": {
          "line": 30,
          "column": 10
        },
        "end": {
          "line": 30,
          "column": 59
        }
      },
      "15": {
        "start": {
          "line": 32,
          "column": 8
        },
        "end": {
          "line": 51,
          "column": 11
        }
      },
      "16": {
        "start": {
          "line": 33,
          "column": 31
        },
        "end": {
          "line": 40,
          "column": 11
        }
      },
      "17": {
        "start": {
          "line": 42,
          "column": 12
        },
        "end": {
          "line": 42,
          "column": 53
        }
      },
      "18": {
        "start": {
          "line": 43,
          "column": 12
        },
        "end": {
          "line": 45,
          "column": 15
        }
      },
      "19": {
        "start": {
          "line": 44,
          "column": 14
        },
        "end": {
          "line": 44,
          "column": 32
        }
      },
      "20": {
        "start": {
          "line": 46,
          "column": 12
        },
        "end": {
          "line": 49,
          "column": 14
        }
      },
      "21": {
        "start": {
          "line": 48,
          "column": 20
        },
        "end": {
          "line": 48,
          "column": 63
        }
      },
      "22": {
        "start": {
          "line": 52,
          "column": 8
        },
        "end": {
          "line": 52,
          "column": 51
        }
      },
      "23": {
        "start": {
          "line": 54,
          "column": 8
        },
        "end": {
          "line": 54,
          "column": 55
        }
      },
      "24": {
        "start": {
          "line": 57,
          "column": 4
        },
        "end": {
          "line": 57,
          "column": 19
        }
      },
      "25": {
        "start": {
          "line": 58,
          "column": 31
        },
        "end": {
          "line": 65,
          "column": 5
        }
      },
      "26": {
        "start": {
          "line": 59,
          "column": 6
        },
        "end": {
          "line": 63,
          "column": 7
        }
      },
      "27": {
        "start": {
          "line": 60,
          "column": 8
        },
        "end": {
          "line": 60,
          "column": 25
        }
      },
      "28": {
        "start": {
          "line": 61,
          "column": 13
        },
        "end": {
          "line": 63,
          "column": 7
        }
      },
      "29": {
        "start": {
          "line": 62,
          "column": 8
        },
        "end": {
          "line": 62,
          "column": 25
        }
      },
      "30": {
        "start": {
          "line": 64,
          "column": 6
        },
        "end": {
          "line": 64,
          "column": 23
        }
      },
      "31": {
        "start": {
          "line": 66,
          "column": 31
        },
        "end": {
          "line": 69,
          "column": 5
        }
      },
      "32": {
        "start": {
          "line": 67,
          "column": 6
        },
        "end": {
          "line": 67,
          "column": 38
        }
      },
      "33": {
        "start": {
          "line": 68,
          "column": 6
        },
        "end": {
          "line": 68,
          "column": 25
        }
      },
      "34": {
        "start": {
          "line": 70,
          "column": 4
        },
        "end": {
          "line": 72,
          "column": 6
        }
      },
      "35": {
        "start": {
          "line": 71,
          "column": 6
        },
        "end": {
          "line": 71,
          "column": 27
        }
      },
      "36": {
        "start": {
          "line": 74,
          "column": 23
        },
        "end": {
          "line": 76,
          "column": 3
        }
      },
      "37": {
        "start": {
          "line": 75,
          "column": 4
        },
        "end": {
          "line": 75,
          "column": 24
        }
      },
      "38": {
        "start": {
          "line": 77,
          "column": 2
        },
        "end": {
          "line": 100,
          "column": 7
        }
      }
    },
    "fnMap": {
      "0": {
        "name": "WorldMap",
        "decl": {
          "start": {
            "line": 6,
            "column": 24
          },
          "end": {
            "line": 6,
            "column": 32
          }
        },
        "loc": {
          "start": {
            "line": 10,
            "column": 3
          },
          "end": {
            "line": 101,
            "column": 1
          }
        },
        "line": 10
      },
      "1": {
        "name": "(anonymous_1)",
        "decl": {
          "start": {
            "line": 15,
            "column": 12
          },
          "end": {
            "line": 15,
            "column": 13
          }
        },
        "loc": {
          "start": {
            "line": 15,
            "column": 18
          },
          "end": {
            "line": 73,
            "column": 3
          }
        },
        "line": 15
      },
      "2": {
        "name": "(anonymous_2)",
        "decl": {
          "start": {
            "line": 25,
            "column": 25
          },
          "end": {
            "line": 25,
            "column": 26
          }
        },
        "loc": {
          "start": {
            "line": 25,
            "column": 37
          },
          "end": {
            "line": 56,
            "column": 5
          }
        },
        "line": 25
      },
      "3": {
        "name": "(anonymous_3)",
        "decl": {
          "start": {
            "line": 33,
            "column": 17
          },
          "end": {
            "line": 33,
            "column": 18
          }
        },
        "loc": {
          "start": {
            "line": 33,
            "column": 31
          },
          "end": {
            "line": 40,
            "column": 11
          }
        },
        "line": 33
      },
      "4": {
        "name": "(anonymous_4)",
        "decl": {
          "start": {
            "line": 41,
            "column": 25
          },
          "end": {
            "line": 41,
            "column": 26
          }
        },
        "loc": {
          "start": {
            "line": 41,
            "column": 45
          },
          "end": {
            "line": 50,
            "column": 11
          }
        },
        "line": 41
      },
      "5": {
        "name": "(anonymous_5)",
        "decl": {
          "start": {
            "line": 43,
            "column": 34
          },
          "end": {
            "line": 43,
            "column": 35
          }
        },
        "loc": {
          "start": {
            "line": 43,
            "column": 40
          },
          "end": {
            "line": 45,
            "column": 13
          }
        },
        "line": 43
      },
      "6": {
        "name": "(anonymous_6)",
        "decl": {
          "start": {
            "line": 48,
            "column": 14
          },
          "end": {
            "line": 48,
            "column": 15
          }
        },
        "loc": {
          "start": {
            "line": 48,
            "column": 20
          },
          "end": {
            "line": 48,
            "column": 63
          }
        },
        "line": 48
      },
      "7": {
        "name": "(anonymous_7)",
        "decl": {
          "start": {
            "line": 58,
            "column": 31
          },
          "end": {
            "line": 58,
            "column": 32
          }
        },
        "loc": {
          "start": {
            "line": 58,
            "column": 48
          },
          "end": {
            "line": 65,
            "column": 5
          }
        },
        "line": 58
      },
      "8": {
        "name": "(anonymous_8)",
        "decl": {
          "start": {
            "line": 66,
            "column": 31
          },
          "end": {
            "line": 66,
            "column": 32
          }
        },
        "loc": {
          "start": {
            "line": 66,
            "column": 48
          },
          "end": {
            "line": 69,
            "column": 5
          }
        },
        "line": 66
      },
      "9": {
        "name": "(anonymous_9)",
        "decl": {
          "start": {
            "line": 70,
            "column": 11
          },
          "end": {
            "line": 70,
            "column": 12
          }
        },
        "loc": {
          "start": {
            "line": 70,
            "column": 17
          },
          "end": {
            "line": 72,
            "column": 5
          }
        },
        "line": 70
      },
      "10": {
        "name": "(anonymous_10)",
        "decl": {
          "start": {
            "line": 74,
            "column": 23
          },
          "end": {
            "line": 74,
            "column": 24
          }
        },
        "loc": {
          "start": {
            "line": 74,
            "column": 29
          },
          "end": {
            "line": 76,
            "column": 3
          }
        },
        "line": 74
      }
    },
    "branchMap": {
      "0": {
        "loc": {
          "start": {
            "line": 29,
            "column": 8
          },
          "end": {
            "line": 31,
            "column": 9
          }
        },
        "type": "if",
        "locations": [
          {
            "start": {
              "line": 29,
              "column": 8
            },
            "end": {
              "line": 31,
              "column": 9
            }
          },
          {
            "start": {},
            "end": {}
          }
        ],
        "line": 29
      },
      "1": {
        "loc": {
          "start": {
            "line": 59,
            "column": 6
          },
          "end": {
            "line": 63,
            "column": 7
          }
        },
        "type": "if",
        "locations": [
          {
            "start": {
              "line": 59,
              "column": 6
            },
            "end": {
              "line": 63,
              "column": 7
            }
          },
          {
            "start": {
              "line": 61,
              "column": 13
            },
            "end": {
              "line": 63,
              "column": 7
            }
          }
        ],
        "line": 59
      },
      "2": {
        "loc": {
          "start": {
            "line": 61,
            "column": 13
          },
          "end": {
            "line": 63,
            "column": 7
          }
        },
        "type": "if",
        "locations": [
          {
            "start": {
              "line": 61,
              "column": 13
            },
            "end": {
              "line": 63,
              "column": 7
            }
          },
          {
            "start": {},
            "end": {}
          }
        ],
        "line": 61
      }
    },
    "s": {
      "0": 220,
      "1": 220,
      "2": 220,
      "3": 220,
      "4": 220,
      "5": 172,
      "6": 172,
      "7": 172,
      "8": 172,
      "9": 172,
      "10": 172,
      "11": 172,
      "12": 112,
      "13": 112,
      "14": 57,
      "15": 112,
      "16": 20160,
      "17": 20160,
      "18": 20160,
      "19": 24,
      "20": 20160,
      "21": 24,
      "22": 112,
      "23": 38,
      "24": 172,
      "25": 172,
      "26": 20160,
      "27": 207,
      "28": 19953,
      "29": 143,
      "30": 19810,
      "31": 172,
      "32": 24,
      "33": 24,
      "34": 172,
      "35": 88,
      "36": 220,
      "37": 20,
      "38": 220
    },
    "f": {
      "0": 220,
      "1": 172,
      "2": 172,
      "3": 20160,
      "4": 20160,
      "5": 24,
      "6": 24,
      "7": 20160,
      "8": 24,
      "9": 88,
      "10": 20
    },
    "b": {
      "0": [
        57,
        55
      ],
      "1": [
        207,
        19953
      ],
      "2": [
        143,
        19810
      ]
    },
    "inputSourceMap": {
      "version": 3,
      "file": null,
      "sources": [
        "/app/src/components/WorldMap.tsx"
      ],
      "names": [],
      "mappings": "AAqGI,SACE,KADF;AArGJ,SAAS,UAAU,WAAW,cAAc;AAC5C,OAAO,WAAW;AAClB,OAAO,OAAO;AAEd,OAAO,yBAAyB;AAQhC,wBAAwB,SAAS;AAAA,EAC/B;AAAA,EACA;AAAA,EACA;AACF,GAAkB;AAChB,QAAM,CAAC,WAAW,YAAY,IAAI,SAAS,KAAK;AAChD,QAAM,CAAC,iBAAiB,kBAAkB,IAAI,SAAwB,IAAI;AAE1E,QAAM,kBAAkB,OAAyB,IAAI;AACrD,QAAM,SAAS,OAAqB,IAAI;AAGxC,YAAU,MAAM;AACd,UAAM,cAAc,EAAE,IAAI,OAAO;AAAA,MAC/B,QAAQ,CAAC,GAAG,CAAC;AAAA,MACb,MAAM;AAAA,IACR,CAAC;AACD,WAAO,UAAU;AAEjB,MAAE,UAAU,oDAAoD,EAAE;AAAA,MAChE;AAAA,IACF;AAEA,UAAM,aACJ;AAEF,UAAM,eAAe,YAAY;AAC/B,UAAI;AACF,cAAM,WAAW,MAAM,MAAM,IAAI,UAAU;AAC3C,cAAM,YAAY,SAAS;AAE3B,YAAI,gBAAgB,SAAS;AAC3B,sBAAY,YAAY,gBAAgB,OAAO;AAAA,QACjD;AAEA,wBAAgB,UAAU,EAAE,QAAQ,WAAW;AAAA,UAC7C,OAAO,CAAC,aAAa;AAAA,YACnB,WAAW,mBAAmB,SAAS,WAAW,IAAI;AAAA,YACtD,QAAQ;AAAA,YACR,SAAS;AAAA,YACT,OAAO;AAAA,YACP,WAAW;AAAA,YACX,aAAa;AAAA,UACf;AAAA,UACA,eAAe,CAAC,SAAS,UAAU;AACjC,kBAAM,UAAU,QAAQ,WAAW,IAAI;AAEvC,kBAAM,GAAG,aAAa,MAAM;AAC1B,oBAAM,UAAU;AAAA,YAClB,CAAC;AAED,kBAAM;AAAA,cAAG;AAAA,cAAS,MAChB,mBAAmB,QAAQ,WAAW,IAAI;AAAA,YAC5C;AAAA,UACF;AAAA,QACF,CAAC;AAED,wBAAgB,QAAQ,MAAM,WAAW;AAAA,MAC3C,SAAS,OAAO;AACd,gBAAQ,MAAM,0BAA0B,KAAK;AAAA,MAC/C;AAAA,IACF;AAEA,iBAAa;AAEb,UAAM,qBAAqB,CAAC,gBAAwB;AAClD,UAAI,iBAAiB,SAAS,WAAW,GAAG;AAC1C,eAAO;AAAA,MACT,WAAW,gBAAgB,SAAS,WAAW,GAAG;AAChD,eAAO;AAAA,MACT;AACA,aAAO;AAAA,IACT;AAEA,UAAM,qBAAqB,CAAC,gBAAwB;AAClD,yBAAmB,WAAW;AAC9B,mBAAa,IAAI;AAAA,IACnB;AAEA,WAAO,MAAM;AACX,kBAAY,OAAO;AAAA,IACrB;AAAA,EACF,GAAG,CAAC,kBAAkB,eAAe,CAAC;AAEtC,QAAM,eAAe,MAAM;AACzB,iBAAa,KAAK;AAAA,EACpB;AAEA,SACE,qBAAC,SAAI,WAAU,UACb;AAAA;AAAA,MAAC;AAAA;AAAA,QACC,IAAG;AAAA,QACH,OAAO;AAAA,UACL,QAAQ;AAAA,UACR,OAAO;AAAA,UACP,cAAc;AAAA,UACd,QAAQ;AAAA,QACV;AAAA,QACA,WAAU;AAAA;AAAA,IAAe;AAAA,IAC3B;AAAA,MAAC;AAAA;AAAA,QACC,MAAM;AAAA,QACN,aAAa;AAAA,QACb,UAAU;AAAA,QACV,UAAU;AAAA;AAAA,IACZ;AAAA,KACF;AAEJ;"
    },
    "_coverageSchema": "1a1c01bbd47fc00a2c39e90264f33305004495a9",
    "hash": "5e0675699349f23fd5e8ccf74794cae199466e21"
  },
  "/app/src/components/TravelList.tsx": {
    "path": "C:\\Users\\gozde\\Desktop\\JSU\\Testning_Typescript\\TravelList\\frontend\\src\\components\\TravelList.tsx",
    "statementMap": {
      "0": {
        "start": {
          "line": 9,
          "column": 23
        },
        "end": {
          "line": 11,
          "column": 3
        }
      },
      "1": {
        "start": {
          "line": 10,
          "column": 4
        },
        "end": {
          "line": 10,
          "column": 43
        }
      },
      "2": {
        "start": {
          "line": 12,
          "column": 40
        },
        "end": {
          "line": 12,
          "column": 118
        }
      },
      "3": {
        "start": {
          "line": 13,
          "column": 22
        },
        "end": {
          "line": 41,
          "column": 6
        }
      },
      "4": {
        "start": {
          "line": 18,
          "column": 24
        },
        "end": {
          "line": 41,
          "column": 6
        }
      },
      "5": {
        "start": {
          "line": 20,
          "column": 120
        },
        "end": {
          "line": 36,
          "column": 5
        }
      },
      "6": {
        "start": {
          "line": 29,
          "column": 29
        },
        "end": {
          "line": 29,
          "column": 60
        }
      },
      "7": {
        "start": {
          "line": 42,
          "column": 2
        },
        "end": {
          "line": 61,
          "column": 7
        }
      }
    },
    "fnMap": {
      "0": {
        "name": "TravelList",
        "decl": {
          "start": {
            "line": 4,
            "column": 24
          },
          "end": {
            "line": 4,
            "column": 34
          }
        },
        "loc": {
          "start": {
            "line": 8,
            "column": 3
          },
          "end": {
            "line": 62,
            "column": 1
          }
        },
        "line": 8
      },
      "1": {
        "name": "(anonymous_1)",
        "decl": {
          "start": {
            "line": 9,
            "column": 23
          },
          "end": {
            "line": 9,
            "column": 24
          }
        },
        "loc": {
          "start": {
            "line": 9,
            "column": 46
          },
          "end": {
            "line": 11,
            "column": 3
          }
        },
        "line": 9
      },
      "2": {
        "name": "(anonymous_2)",
        "decl": {
          "start": {
            "line": 13,
            "column": 22
          },
          "end": {
            "line": 13,
            "column": 23
          }
        },
        "loc": {
          "start": {
            "line": 18,
            "column": 24
          },
          "end": {
            "line": 41,
            "column": 6
          }
        },
        "line": 18
      },
      "3": {
        "name": "(anonymous_3)",
        "decl": {
          "start": {
            "line": 20,
            "column": 84
          },
          "end": {
            "line": 20,
            "column": 85
          }
        },
        "loc": {
          "start": {
            "line": 20,
            "column": 120
          },
          "end": {
            "line": 36,
            "column": 5
          }
        },
        "line": 20
      },
      "4": {
        "name": "(anonymous_4)",
        "decl": {
          "start": {
            "line": 29,
            "column": 23
          },
          "end": {
            "line": 29,
            "column": 24
          }
        },
        "loc": {
          "start": {
            "line": 29,
            "column": 29
          },
          "end": {
            "line": 29,
            "column": 60
          }
        },
        "line": 29
      }
    },
    "branchMap": {
      "0": {
        "loc": {
          "start": {
            "line": 20,
            "column": 4
          },
          "end": {
            "line": 40,
            "column": 8
          }
        },
        "type": "cond-expr",
        "locations": [
          {
            "start": {
              "line": 20,
              "column": 43
            },
            "end": {
              "line": 36,
              "column": 9
            }
          },
          {
            "start": {
              "line": 36,
              "column": 28
            },
            "end": {
              "line": 40,
              "column": 8
            }
          }
        ],
        "line": 20
      },
      "1": {
        "loc": {
          "start": {
            "line": 38,
            "column": 6
          },
          "end": {
            "line": 38,
            "column": 70
          }
        },
        "type": "cond-expr",
        "locations": [
          {
            "start": {
              "line": 38,
              "column": 31
            },
            "end": {
              "line": 38,
              "column": 44
            }
          },
          {
            "start": {
              "line": 38,
              "column": 47
            },
            "end": {
              "line": 38,
              "column": 70
            }
          }
        ],
        "line": 38
      },
      "2": {
        "loc": {
          "start": {
            "line": 38,
            "column": 6
          },
          "end": {
            "line": 38,
            "column": 72
          }
        },
        "type": "cond-expr",
        "locations": [
          {
            "start": {
              "line": 38,
              "column": 31
            },
            "end": {
              "line": 38,
              "column": 45
            }
          },
          {
            "start": {
              "line": 38,
              "column": 48
            },
            "end": {
              "line": 38,
              "column": 72
            }
          }
        ],
        "line": 38
      }
    },
    "s": {
      "0": 176,
      "1": 8,
      "2": 176,
      "3": 176,
      "4": 352,
      "5": 665,
      "6": 8,
      "7": 176
    },
    "f": {
      "0": 176,
      "1": 8,
      "2": 352,
      "3": 665,
      "4": 8
    },
    "b": {
      "0": [
        174,
        178
      ],
      "1": [
        90,
        88
      ],
      "2": [
        153,
        155
      ]
    },
    "inputSourceMap": {
      "version": 3,
      "file": null,
      "sources": [
        "/app/src/components/TravelList.tsx"
      ],
      "names": [],
      "mappings": "AAsBI,cAmBQ,YAnBR;AAtBJ,SAAS,WAAW,WAAW,gBAAgB,eAAe;AAC9D,SAAS,qBAAqB;AAW9B,wBAAwB,WAAW;AAAA,EACjC;AAAA,EACA;AAAA,EACA;AACF,GAAoB;AAClB,QAAM,eAAe,CAAC,SAAiB,aAAmC;AACxE,wBAAoB,SAAS,QAAQ;AAAA,EACvC;AAEA,QAAM,gBACJ,oBAAC,WAAQ,IAAG,WAAU,+CAAiC;AAGzD,QAAM,cAAc,CAAC;AAAA,IACnB;AAAA,IACA;AAAA,IACA;AAAA,IACA;AAAA,EACF,MAME,qBAAC,SAAI,WAAU,QACb;AAAA,wBAAC,QAAG,OAAO,EAAE,MAAM,GAAI,iBAAM;AAAA,IAC5B,UAAU,SAAS,IAClB,oBAAC,aACE,oBAAU,IAAI,CAAC,SAAS,UACvB;AAAA,MAAC,UAAU;AAAA,MAAV;AAAA,QAEC,WAAU;AAAA,QACT;AAAA;AAAA,UACD,oBAAC,kBAAe,WAAU,OAAM,SAAS,eACvC,8BAAC,UAAK,WAAU,QACd;AAAA,YAAC;AAAA;AAAA,cACC,SAAS,MAAM,aAAa,SAAS,QAAQ;AAAA,cAC7C,OAAO,EAAE,QAAQ,WAAW,OAAO,UAAU;AAAA;AAAA,UAC/C,GACF,GACF;AAAA;AAAA;AAAA,MAVK;AAAA,IAWP,CACD,GACH,IAEA,qBAAC,OAAE;AAAA;AAAA,MAEA,aAAa,YAAY,gBAAgB;AAAA,MAAwB;AAAA,OACpE;AAAA,KAEJ;AAGF,SACE,qBAAC,aAAU,WAAU,iCACnB;AAAA;AAAA,MAAC;AAAA;AAAA,QACC,OAAM;AAAA,QACN,WAAW;AAAA,QACX,OAAM;AAAA,QACN,UAAS;AAAA;AAAA,IACX;AAAA,IACA;AAAA,MAAC;AAAA;AAAA,QACC,OAAM;AAAA,QACN,WAAW;AAAA,QACX,OAAM;AAAA,QACN,UAAS;AAAA;AAAA,IACX;AAAA,KACF;AAEJ;"
    },
    "_coverageSchema": "1a1c01bbd47fc00a2c39e90264f33305004495a9",
    "hash": "9411e75e1b67f990692a4661a1ce43e20a5fe469"
  },
  "/app/src/components/Footer.tsx": {
    "path": "C:\\Users\\gozde\\Desktop\\JSU\\Testning_Typescript\\TravelList\\frontend\\src\\components\\Footer.tsx",
    "statementMap": {
      "0": {
        "start": {
          "line": 3,
          "column": 2
        },
        "end": {
          "line": 10,
          "column": 4
        }
      }
    },
    "fnMap": {
      "0": {
        "name": "Footer",
        "decl": {
          "start": {
            "line": 2,
            "column": 24
          },
          "end": {
            "line": 2,
            "column": 30
          }
        },
        "loc": {
          "start": {
            "line": 2,
            "column": 33
          },
          "end": {
            "line": 11,
            "column": 1
          }
        },
        "line": 2
      }
    },
    "branchMap": {},
    "s": {
      "0": 176
    },
    "f": {
      "0": 176
    },
    "b": {},
    "inputSourceMap": {
      "version": 3,
      "file": null,
      "sources": [
        "/app/src/components/Footer.tsx"
      ],
      "names": [],
      "mappings": "AAMQ;AANR,wBAAwB,SAAS;AAC/B,SACE;AAAA,IAAC;AAAA;AAAA,MACC,WAAU;AAAA,MACV,OAAO,EAAE,iBAAiB,UAAU;AAAA,MACpC,8BAAC,SACC,8BAAC,OAAE,WAAU,QAAO,kCAAyB,GAC/C;AAAA;AAAA,EACF;AAEJ;"
    },
    "_coverageSchema": "1a1c01bbd47fc00a2c39e90264f33305004495a9",
    "hash": "cbd1cf341ca92b8203651ae7db98d8a3011f3c95"
  },
  "/app/src/pages/HomePage.tsx": {
    "path": "C:\\Users\\gozde\\Desktop\\JSU\\Testning_Typescript\\TravelList\\frontend\\src\\pages\\HomePage.tsx",
    "statementMap": {
      "0": {
        "start": {
          "line": 9,
          "column": 21
        },
        "end": {
          "line": 9,
          "column": 69
        }
      },
      "1": {
        "start": {
          "line": 10,
          "column": 20
        },
        "end": {
          "line": 10,
          "column": 39
        }
      },
      "2": {
        "start": {
          "line": 11,
          "column": 17
        },
        "end": {
          "line": 11,
          "column": 34
        }
      },
      "3": {
        "start": {
          "line": 12,
          "column": 50
        },
        "end": {
          "line": 12,
          "column": 62
        }
      },
      "4": {
        "start": {
          "line": 13,
          "column": 48
        },
        "end": {
          "line": 13,
          "column": 60
        }
      },
      "5": {
        "start": {
          "line": 14,
          "column": 41
        },
        "end": {
          "line": 22,
          "column": 14
        }
      },
      "6": {
        "start": {
          "line": 15,
          "column": 4
        },
        "end": {
          "line": 21,
          "column": 5
        }
      },
      "7": {
        "start": {
          "line": 16,
          "column": 23
        },
        "end": {
          "line": 16,
          "column": 67
        }
      },
      "8": {
        "start": {
          "line": 17,
          "column": 6
        },
        "end": {
          "line": 17,
          "column": 46
        }
      },
      "9": {
        "start": {
          "line": 18,
          "column": 6
        },
        "end": {
          "line": 18,
          "column": 44
        }
      },
      "10": {
        "start": {
          "line": 20,
          "column": 6
        },
        "end": {
          "line": 20,
          "column": 58
        }
      },
      "11": {
        "start": {
          "line": 23,
          "column": 2
        },
        "end": {
          "line": 25,
          "column": 39
        }
      },
      "12": {
        "start": {
          "line": 24,
          "column": 4
        },
        "end": {
          "line": 24,
          "column": 37
        }
      },
      "13": {
        "start": {
          "line": 26,
          "column": 24
        },
        "end": {
          "line": 45,
          "column": 3
        }
      },
      "14": {
        "start": {
          "line": 27,
          "column": 4
        },
        "end": {
          "line": 44,
          "column": 5
        }
      },
      "15": {
        "start": {
          "line": 28,
          "column": 23
        },
        "end": {
          "line": 30,
          "column": 8
        }
      },
      "16": {
        "start": {
          "line": 31,
          "column": 6
        },
        "end": {
          "line": 41,
          "column": 7
        }
      },
      "17": {
        "start": {
          "line": 32,
          "column": 8
        },
        "end": {
          "line": 40,
          "column": 9
        }
      },
      "18": {
        "start": {
          "line": 33,
          "column": 10
        },
        "end": {
          "line": 35,
          "column": 12
        }
      },
      "19": {
        "start": {
          "line": 34,
          "column": 22
        },
        "end": {
          "line": 34,
          "column": 71
        }
      },
      "20": {
        "start": {
          "line": 34,
          "column": 47
        },
        "end": {
          "line": 34,
          "column": 70
        }
      },
      "21": {
        "start": {
          "line": 36,
          "column": 15
        },
        "end": {
          "line": 40,
          "column": 9
        }
      },
      "22": {
        "start": {
          "line": 37,
          "column": 10
        },
        "end": {
          "line": 39,
          "column": 12
        }
      },
      "23": {
        "start": {
          "line": 38,
          "column": 22
        },
        "end": {
          "line": 38,
          "column": 71
        }
      },
      "24": {
        "start": {
          "line": 38,
          "column": 47
        },
        "end": {
          "line": 38,
          "column": 70
        }
      },
      "25": {
        "start": {
          "line": 43,
          "column": 6
        },
        "end": {
          "line": 43,
          "column": 54
        }
      },
      "26": {
        "start": {
          "line": 46,
          "column": 2
        },
        "end": {
          "line": 74,
          "column": 7
        }
      },
      "27": {
        "start": {
          "line": 46,
          "column": 2
        },
        "end": {
          "line": 75,
          "column": 7
        }
      }
    },
    "fnMap": {
      "0": {
        "name": "HomePage",
        "decl": {
          "start": {
            "line": 8,
            "column": 24
          },
          "end": {
            "line": 8,
            "column": 32
          }
        },
        "loc": {
          "start": {
            "line": 8,
            "column": 35
          },
          "end": {
            "line": 75,
            "column": 1
          }
        },
        "line": 8
      },
      "1": {
        "name": "(anonymous_1)",
        "decl": {
          "start": {
            "line": 14,
            "column": 53
          },
          "end": {
            "line": 14,
            "column": 54
          }
        },
        "loc": {
          "start": {
            "line": 14,
            "column": 65
          },
          "end": {
            "line": 22,
            "column": 3
          }
        },
        "line": 14
      },
      "2": {
        "name": "(anonymous_2)",
        "decl": {
          "start": {
            "line": 23,
            "column": 12
          },
          "end": {
            "line": 23,
            "column": 13
          }
        },
        "loc": {
          "start": {
            "line": 23,
            "column": 18
          },
          "end": {
            "line": 25,
            "column": 3
          }
        },
        "line": 23
      },
      "3": {
        "name": "(anonymous_3)",
        "decl": {
          "start": {
            "line": 26,
            "column": 24
          },
          "end": {
            "line": 26,
            "column": 25
          }
        },
        "loc": {
          "start": {
            "line": 26,
            "column": 57
          },
          "end": {
            "line": 45,
            "column": 3
          }
        },
        "line": 26
      },
      "4": {
        "name": "(anonymous_4)",
        "decl": {
          "start": {
            "line": 34,
            "column": 12
          },
          "end": {
            "line": 34,
            "column": 13
          }
        },
        "loc": {
          "start": {
            "line": 34,
            "column": 22
          },
          "end": {
            "line": 34,
            "column": 71
          }
        },
        "line": 34
      },
      "5": {
        "name": "(anonymous_5)",
        "decl": {
          "start": {
            "line": 34,
            "column": 34
          },
          "end": {
            "line": 34,
            "column": 35
          }
        },
        "loc": {
          "start": {
            "line": 34,
            "column": 47
          },
          "end": {
            "line": 34,
            "column": 70
          }
        },
        "line": 34
      },
      "6": {
        "name": "(anonymous_6)",
        "decl": {
          "start": {
            "line": 38,
            "column": 12
          },
          "end": {
            "line": 38,
            "column": 13
          }
        },
        "loc": {
          "start": {
            "line": 38,
            "column": 22
          },
          "end": {
            "line": 38,
            "column": 71
          }
        },
        "line": 38
      },
      "7": {
        "name": "(anonymous_7)",
        "decl": {
          "start": {
            "line": 38,
            "column": 34
          },
          "end": {
            "line": 38,
            "column": 35
          }
        },
        "loc": {
          "start": {
            "line": 38,
            "column": 47
          },
          "end": {
            "line": 38,
            "column": 70
          }
        },
        "line": 38
      },
      "8": {
        "name": "HomePage",
        "decl": {
          "start": {
            "line": 8,
            "column": 24
          },
          "end": {
            "line": 8,
            "column": 32
          }
        },
        "loc": {
          "start": {
            "line": 8,
            "column": 35
          },
          "end": {
            "line": 76,
            "column": 1
          }
        },
        "line": 8
      }
    },
    "branchMap": {
      "0": {
        "loc": {
          "start": {
            "line": 9,
            "column": 32
          },
          "end": {
            "line": 9,
            "column": 68
          }
        },
        "type": "binary-expr",
        "locations": [
          {
            "start": {
              "line": 9,
              "column": 32
            },
            "end": {
              "line": 9,
              "column": 60
            }
          },
          {
            "start": {
              "line": 9,
              "column": 64
            },
            "end": {
              "line": 9,
              "column": 68
            }
          }
        ],
        "line": 9
      },
      "1": {
        "loc": {
          "start": {
            "line": 17,
            "column": 26
          },
          "end": {
            "line": 17,
            "column": 44
          }
        },
        "type": "binary-expr",
        "locations": [
          {
            "start": {
              "line": 17,
              "column": 26
            },
            "end": {
              "line": 17,
              "column": 38
            }
          },
          {
            "start": {
              "line": 17,
              "column": 42
            },
            "end": {
              "line": 17,
              "column": 44
            }
          }
        ],
        "line": 17
      },
      "2": {
        "loc": {
          "start": {
            "line": 18,
            "column": 25
          },
          "end": {
            "line": 18,
            "column": 42
          }
        },
        "type": "binary-expr",
        "locations": [
          {
            "start": {
              "line": 18,
              "column": 25
            },
            "end": {
              "line": 18,
              "column": 36
            }
          },
          {
            "start": {
              "line": 18,
              "column": 40
            },
            "end": {
              "line": 18,
              "column": 42
            }
          }
        ],
        "line": 18
      },
      "3": {
        "loc": {
          "start": {
            "line": 31,
            "column": 6
          },
          "end": {
            "line": 41,
            "column": 7
          }
        },
        "type": "if",
        "locations": [
          {
            "start": {
              "line": 31,
              "column": 6
            },
            "end": {
              "line": 41,
              "column": 7
            }
          },
          {
            "start": {},
            "end": {}
          }
        ],
        "line": 31
      },
      "4": {
        "loc": {
          "start": {
            "line": 32,
            "column": 8
          },
          "end": {
            "line": 40,
            "column": 9
          }
        },
        "type": "if",
        "locations": [
          {
            "start": {
              "line": 32,
              "column": 8
            },
            "end": {
              "line": 40,
              "column": 9
            }
          },
          {
            "start": {
              "line": 36,
              "column": 15
            },
            "end": {
              "line": 40,
              "column": 9
            }
          }
        ],
        "line": 32
      },
      "5": {
        "loc": {
          "start": {
            "line": 36,
            "column": 15
          },
          "end": {
            "line": 40,
            "column": 9
          }
        },
        "type": "if",
        "locations": [
          {
            "start": {
              "line": 36,
              "column": 15
            },
            "end": {
              "line": 40,
              "column": 9
            }
          },
          {
            "start": {},
            "end": {}
          }
        ],
        "line": 36
      }
    },
    "s": {
      "0": 176,
      "1": 176,
      "2": 176,
      "3": 176,
      "4": 176,
      "5": 176,
      "6": 100,
      "7": 100,
      "8": 87,
      "9": 87,
      "10": 4,
      "11": 176,
      "12": 84,
      "13": 176,
      "14": 8,
      "15": 8,
      "16": 8,
      "17": 8,
      "18": 4,
      "19": 4,
      "20": 16,
      "21": 4,
      "22": 4,
      "23": 4,
      "24": 18,
      "25": 0,
      "26": 176,
      "27": 89
    },
    "f": {
      "0": 176,
      "1": 100,
      "2": 84,
      "3": 8,
      "4": 4,
      "5": 16,
      "6": 4,
      "7": 18,
      "8": 89
    },
    "b": {
      "0": [
        176,
        4
      ],
      "1": [
        87,
        0
      ],
      "2": [
        87,
        0
      ],
      "3": [
        8,
        0
      ],
      "4": [
        4,
        4
      ],
      "5": [
        4,
        0
      ]
    },
    "inputSourceMap": {
      "version": 3,
      "file": null,
      "sources": [
        "/app/src/pages/HomePage.tsx"
      ],
      "names": [],
      "mappings": "AAyDI,mBACE,KASM,YAVR;AAzDJ,SAAS,aAAa,WAAW,gBAAgB;AACjD,OAAO,YAAY;AACnB,OAAO,cAAc;AACrB,OAAO,WAAW;AAClB,OAAO,gBAAgB;AACvB,OAAO,YAAY;AAEnB,wBAAwB,WAAW;AACjC,QAAM,aAAa,KAAK,MAAM,aAAa,QAAQ,MAAM,KAAK,IAAI;AAClE,QAAM,YAAY,WAAW;AAC7B,QAAM,SAAS,WAAW;AAE1B,QAAM,CAAC,kBAAkB,mBAAmB,IAAI,SAAmB,CAAC,CAAC;AACrE,QAAM,CAAC,iBAAiB,kBAAkB,IAAI,SAAmB,CAAC,CAAC;AAGnE,QAAM,iCAAiC,YAAY,YAAY;AAC7D,QAAI;AACF,YAAM,EAAE,KAAK,IAAI,MAAM,MAAM,IAAI,mBAAmB,MAAM,EAAE;AAC5D,0BAAoB,KAAK,WAAW,CAAC,CAAC;AACtC,yBAAmB,KAAK,UAAU,CAAC,CAAC;AAAA,IACtC,SAAS,OAAO;AACd,cAAQ,MAAM,+BAA+B,KAAK;AAAA,IACpD;AAAA,EACF,GAAG,CAAC,MAAM,CAAC;AAEX,YAAU,MAAM;AACd,mCAA+B;AAAA,EACjC,GAAG,CAAC,8BAA8B,CAAC;AAGnC,QAAM,gBAAgB,OACpB,aACA,aACG;AACH,QAAI;AACF,YAAM,WAAW,MAAM,MAAM,OAAO,mBAAmB;AAAA,QACrD,MAAM,EAAE,cAAc,YAAY;AAAA,MACpC,CAAC;AAED,UAAI,SAAS,WAAW,KAAK;AAC3B,YAAI,aAAa,WAAW;AAC1B;AAAA,YAAoB,CAAC,SACnB,KAAK,OAAO,CAAC,YAAY,YAAY,WAAW;AAAA,UAClD;AAAA,QACF,WAAW,aAAa,UAAU;AAChC;AAAA,YAAmB,CAAC,SAClB,KAAK,OAAO,CAAC,YAAY,YAAY,WAAW;AAAA,UAClD;AAAA,QACF;AAAA,MACF;AAAA,IACF,SAAS,OAAO;AACd,cAAQ,MAAM,2BAA2B,KAAK;AAAA,IAChD;AAAA,EACF;AAEA,SACE,iCACE;AAAA,wBAAC,UAAO;AAAA,IACR,oBAAC,UACC,+BAAC,SAAI,WAAU,iCACb;AAAA;AAAA,QAAC;AAAA;AAAA,UACC;AAAA,UACA;AAAA,UACA;AAAA;AAAA,MACF;AAAA,MACA,qBAAC,SAAI,WAAU,QACb;AAAA,6BAAC,QAAG,IAAG,WAAU,WAAU,QAAO;AAAA;AAAA,UACvB;AAAA,UAAU;AAAA,WACrB;AAAA,QACA;AAAA,UAAC;AAAA;AAAA,YACC;AAAA,YACA;AAAA,YACA,qBAAqB;AAAA;AAAA,QACvB;AAAA,SACF;AAAA,OACF,GACF;AAAA,IACA,oBAAC,UAAO;AAAA,KACV;AAEJ;"
    },
    "_coverageSchema": "1a1c01bbd47fc00a2c39e90264f33305004495a9",
    "hash": "41c0e0fe9665a863c9a3d4b216265ecf04547c67"
  },
  "/app/src/components/RegisterForm.tsx": {
    "path": "C:\\Users\\gozde\\Desktop\\JSU\\Testning_Typescript\\TravelList\\frontend\\src\\components\\RegisterForm.tsx",
    "statementMap": {
      "0": {
        "start": {
          "line": 8,
          "column": 25
        },
        "end": {
          "line": 13,
          "column": 2
        }
      },
      "1": {
        "start": {
          "line": 15,
          "column": 42
        },
        "end": {
          "line": 15,
          "column": 56
        }
      },
      "2": {
        "start": {
          "line": 16,
          "column": 36
        },
        "end": {
          "line": 16,
          "column": 50
        }
      },
      "3": {
        "start": {
          "line": 17,
          "column": 19
        },
        "end": {
          "line": 17,
          "column": 32
        }
      },
      "4": {
        "start": {
          "line": 18,
          "column": 23
        },
        "end": {
          "line": 47,
          "column": 3
        }
      },
      "5": {
        "start": {
          "line": 19,
          "column": 4
        },
        "end": {
          "line": 46,
          "column": 5
        }
      },
      "6": {
        "start": {
          "line": 20,
          "column": 23
        },
        "end": {
          "line": 24,
          "column": 8
        }
      },
      "7": {
        "start": {
          "line": 25,
          "column": 6
        },
        "end": {
          "line": 25,
          "column": 74
        }
      },
      "8": {
        "start": {
          "line": 26,
          "column": 6
        },
        "end": {
          "line": 26,
          "column": 30
        }
      },
      "9": {
        "start": {
          "line": 27,
          "column": 19
        },
        "end": {
          "line": 30,
          "column": 7
        }
      },
      "10": {
        "start": {
          "line": 31,
          "column": 6
        },
        "end": {
          "line": 31,
          "column": 57
        }
      },
      "11": {
        "start": {
          "line": 32,
          "column": 6
        },
        "end": {
          "line": 34,
          "column": 14
        }
      },
      "12": {
        "start": {
          "line": 33,
          "column": 8
        },
        "end": {
          "line": 33,
          "column": 26
        }
      },
      "13": {
        "start": {
          "line": 35,
          "column": 6
        },
        "end": {
          "line": 37,
          "column": 8
        }
      },
      "14": {
        "start": {
          "line": 38,
          "column": 6
        },
        "end": {
          "line": 38,
          "column": 30
        }
      },
      "15": {
        "start": {
          "line": 39,
          "column": 6
        },
        "end": {
          "line": 41,
          "column": 14
        }
      },
      "16": {
        "start": {
          "line": 40,
          "column": 8
        },
        "end": {
          "line": 40,
          "column": 26
        }
      },
      "17": {
        "start": {
          "line": 43,
          "column": 6
        },
        "end": {
          "line": 43,
          "column": 49
        }
      },
      "18": {
        "start": {
          "line": 44,
          "column": 6
        },
        "end": {
          "line": 44,
          "column": 68
        }
      },
      "19": {
[...]
        "end": {
          "line": 96,
          "column": 7
        }
      },
      "17": {
        "start": {
          "line": 51,
          "column": 59
        },
        "end": {
          "line": 93,
          "column": 12
        }
      }
    },
    "fnMap": {
      "0": {
        "name": "LoginForm",
        "decl": {
          "start": {
            "line": 12,
            "column": 24
          },
          "end": {
            "line": 12,
            "column": 33
          }
        },
        "loc": {
          "start": {
            "line": 12,
            "column": 36
          },
          "end": {
            "line": 97,
            "column": 1
          }
        },
        "line": 12
      },
      "1": {
        "name": "(anonymous_1)",
        "decl": {
          "start": {
            "line": 16,
            "column": 23
          },
          "end": {
            "line": 16,
            "column": 24
          }
        },
        "loc": {
          "start": {
            "line": 16,
            "column": 41
          },
          "end": {
            "line": 38,
            "column": 3
          }
        },
        "line": 16
      },
      "2": {
        "name": "(anonymous_2)",
        "decl": {
          "start": {
            "line": 30,
            "column": 17
          },
          "end": {
            "line": 30,
            "column": 18
          }
        },
        "loc": {
          "start": {
            "line": 30,
            "column": 23
          },
          "end": {
            "line": 32,
            "column": 7
          }
        },
        "line": 30
      },
      "3": {
        "name": "(anonymous_3)",
        "decl": {
          "start": {
            "line": 51,
            "column": 18
          },
          "end": {
            "line": 51,
            "column": 19
          }
        },
        "loc": {
          "start": {
            "line": 51,
            "column": 59
          },
          "end": {
            "line": 93,
            "column": 12
          }
        },
        "line": 51
      }
    },
    "branchMap": {
      "0": {
        "loc": {
          "start": {
            "line": 41,
            "column": 4
          },
          "end": {
            "line": 41,
            "column": 128
          }
        },
        "type": "binary-expr",
        "locations": [
          {
            "start": {
              "line": 41,
              "column": 4
            },
            "end": {
              "line": 41,
              "column": 16
            }
          },
          {
            "start": {
              "line": 41,
              "column": 36
            },
            "end": {
              "line": 41,
              "column": 128
            }
          }
        ],
        "line": 41
      },
      "1": {
        "loc": {
          "start": {
            "line": 57,
            "column": 27
          },
          "end": {
            "line": 57,
            "column": 58
          }
        },
        "type": "binary-expr",
        "locations": [
          {
            "start": {
              "line": 57,
              "column": 27
            },
            "end": {
              "line": 57,
              "column": 40
            }
          },
          {
            "start": {
              "line": 57,
              "column": 44
            },
            "end": {
              "line": 57,
              "column": 58
            }
          }
        ],
        "line": 57
      },
      "2": {
        "loc": {
          "start": {
            "line": 77,
            "column": 27
          },
          "end": {
            "line": 77,
            "column": 64
          }
        },
        "type": "binary-expr",
        "locations": [
          {
            "start": {
              "line": 77,
              "column": 27
            },
            "end": {
              "line": 77,
              "column": 43
            }
          },
          {
            "start": {
              "line": 77,
              "column": 47
            },
            "end": {
              "line": 77,
              "column": 64
            }
          }
        ],
        "line": 77
      }
    },
    "s": {
      "0": 120,
      "1": 151,
      "2": 151,
      "3": 151,
      "4": 151,
      "5": 62,
      "6": 62,
      "7": 56,
      "8": 56,
      "9": 56,
      "10": 56,
      "11": 56,
      "12": 48,
      "13": 4,
      "14": 4,
      "15": 4,
      "16": 151,
      "17": 2999
    },
    "f": {
      "0": 151,
      "1": 62,
      "2": 48,
      "3": 2999
    },
    "b": {
      "0": [
        151,
        60
      ],
      "1": [
        2999,
        894
      ],
      "2": [
        2999,
        184
      ]
    },
    "inputSourceMap": {
      "version": 3,
      "file": null,
      "sources": [
        "/app/src/components/LoginForm.tsx"
      ],
      "names": [],
      "mappings": "AAoDM,cAgBM,YAhBN;AApDN,OAAO,WAAW;AAClB,SAAS,gBAAgB;AACzB,SAAS,mBAAmB;AAC5B,YAAY,SAAS;AACrB,SAAS,QAAQ,OAAO,QAAQ,YAAY,oBAAoB;AAChE,SAAS,QAAQ,YAAY;AAI7B,MAAM,mBAAmB,IAAI,OAAO;AAAA,EAClC,OAAO,IAAI,OAAO,EACf,MAAM,uBAAuB,EAC7B,SAAS,mBAAmB;AAAA,EAC/B,UAAU,IAAI,OAAO,EAClB,IAAI,GAAG,wCAAwC,EAC/C,SAAS,sBAAsB;AACpC,CAAC;AAED,wBAAwB,YAAY;AAClC,QAAM,CAAC,cAAc,eAAe,IAAI,SAAwB,IAAI;AACpE,QAAM,CAAC,WAAW,YAAY,IAAI,SAAsC,IAAI;AAC5E,QAAM,WAAW,YAAY;AAE7B,QAAM,eAAe,OAAO,WAAiB;AAC3C,QAAI;AACF,YAAM,WAAW,MAAM,MAAM,KAAK,cAAc,QAAQ;AAAA,QACtD,SAAS;AAAA,UACP,gBAAgB;AAAA,QAClB;AAAA,MACF,CAAC;AACD,sBAAgB,kDAAkD;AAClE,mBAAa,SAAS;AAGtB,YAAM,OAAO;AAAA,QACX,QAAQ,SAAS,KAAK,KAAK;AAAA,QAC3B,UAAU,SAAS,KAAK,KAAK;AAAA,MAC/B;AACA,mBAAa,QAAQ,QAAQ,KAAK,UAAU,IAAI,CAAC;AAEjD,iBAAW,MAAM;AACf,iBAAS,OAAO;AAAA,MAClB,GAAG,GAAI;AAAA,IACT,SAAS,OAAO;AACd,cAAQ,MAAM,qBAAqB,KAAK;AACxC,sBAAgB,6CAA6C;AAC7D,mBAAa,QAAQ;AAAA,IACvB;AAAA,EACF;AAEA,SACE,qBAAC,SACC;AAAA,wBAAC,QAAG,WAAU,oBAAmB,oCAAsB;AAAA,IAEtD,gBACC,oBAAC,SAAI,WAAW,eAAe,SAAS,IAAI,MAAK,SAC9C,wBACH;AAAA,IAEF;AAAA,MAAC;AAAA;AAAA,QACC,eAAe;AAAA,UACb,OAAO;AAAA,UACP,UAAU;AAAA,QACZ;AAAA,QACA;AAAA,QACA,UAAU;AAAA,QACT,WAAC,EAAE,QAAQ,QAAQ,MAClB,qBAAC,cAAW,IAAG,aACb;AAAA,+BAAC,KAAK,OAAL,EAAW,WAAU,cACpB;AAAA;AAAA,cAAC;AAAA;AAAA,gBACC,IAAI,KAAK;AAAA,gBACT,WAAW,QAAQ,SAAS,CAAC,CAAC,OAAO;AAAA,gBACrC,MAAK;AAAA,gBACL,aAAY;AAAA,gBACZ,MAAK;AAAA;AAAA,YACP;AAAA,YACA;AAAA,cAAC;AAAA;AAAA,gBACC,WAAU;AAAA,gBACV,WAAU;AAAA,gBACV,MAAK;AAAA;AAAA,YACP;AAAA,aACF;AAAA,UACA,qBAAC,KAAK,OAAL,EAAW,WAAU,iBACpB;AAAA;AAAA,cAAC;AAAA;AAAA,gBACC,IAAI,KAAK;AAAA,gBACT,WAAW,QAAQ,YAAY,CAAC,CAAC,OAAO;AAAA,gBACxC,MAAK;AAAA,gBACL,aAAY;AAAA,gBACZ,MAAK;AAAA;AAAA,YACP;AAAA,YACA;AAAA,cAAC;AAAA;AAAA,gBACC,WAAU;AAAA,gBACV,WAAU;AAAA,gBACV,MAAK;AAAA;AAAA,YACP;AAAA,aACF;AAAA,UACA,oBAAC,UAAO,WAAU,qBAAoB,MAAK,UAAS,IAAG,SAAQ,mBAE/D;AAAA,WACF;AAAA;AAAA,IAEJ;AAAA,KACF;AAEJ;"
    },
    "_coverageSchema": "1a1c01bbd47fc00a2c39e90264f33305004495a9",
    "hash": "28ea91abe0568a2ece3921df29afee1930cae42e"
  },
  "/app/src/pages/LogRegPage.tsx": {
    "path": "C:\\Users\\gozde\\Desktop\\JSU\\Testning_Typescript\\TravelList\\frontend\\src\\pages\\LogRegPage.tsx",
    "statementMap": {
      "0": {
        "start": {
          "line": 9,
          "column": 36
        },
        "end": {
          "line": 9,
          "column": 51
        }
      },
      "1": {
        "start": {
          "line": 10,
          "column": 2
        },
        "end": {
          "line": 42,
          "column": 4
        }
      },
      "2": {
        "start": {
          "line": 24,
          "column": 29
        },
        "end": {
          "line": 24,
          "column": 47
        }
      },
      "3": {
        "start": {
          "line": 35,
          "column": 29
        },
        "end": {
          "line": 35,
          "column": 48
        }
      }
    },
    "fnMap": {
      "0": {
        "name": "FlipCard",
        "decl": {
          "start": {
            "line": 8,
            "column": 24
          },
          "end": {
            "line": 8,
            "column": 32
          }
        },
        "loc": {
          "start": {
            "line": 8,
            "column": 35
          },
          "end": {
            "line": 43,
            "column": 1
          }
        },
        "line": 8
      },
      "1": {
        "name": "(anonymous_1)",
        "decl": {
          "start": {
            "line": 24,
            "column": 23
          },
          "end": {
            "line": 24,
            "column": 24
          }
        },
        "loc": {
          "start": {
            "line": 24,
            "column": 29
          },
          "end": {
            "line": 24,
            "column": 47
          }
        },
        "line": 24
      },
      "2": {
        "name": "(anonymous_2)",
        "decl": {
          "start": {
            "line": 35,
            "column": 23
          },
          "end": {
            "line": 35,
            "column": 24
          }
        },
        "loc": {
          "start": {
            "line": 35,
            "column": 29
          },
          "end": {
            "line": 35,
            "column": 48
          }
        },
        "line": 35
      }
    },
    "branchMap": {
      "0": {
        "loc": {
          "start": {
            "line": 17,
            "column": 188
          },
          "end": {
            "line": 17,
            "column": 214
          }
        },
        "type": "cond-expr",
        "locations": [
          {
            "start": {
              "line": 17,
              "column": 200
            },
            "end": {
              "line": 17,
              "column": 209
            }
          },
          {
            "start": {
              "line": 17,
              "column": 212
            },
            "end": {
              "line": 17,
              "column": 214
            }
          }
        ],
        "line": 17
      }
    },
    "s": {
      "0": 91,
      "1": 91,
      "2": 3,
      "3": 0
    },
    "f": {
      "0": 91,
      "1": 3,
      "2": 0
    },
    "b": {
      "0": [
        3,
        88
      ]
    },
    "inputSourceMap": {
      "version": 3,
      "file": null,
      "sources": [
        "/app/src/pages/LogRegPage.tsx"
      ],
      "names": [],
      "mappings": "AAqBY,SACE,KADF;AArBZ,SAAS,gBAAgB;AACzB,SAAS,iBAAiB;AAE1B,OAAO,kBAAkB;AACzB,OAAO,eAAe;AACtB,OAAO,qBAAqB;AAC5B,OAAO;AAEP,wBAAwB,WAAW;AACjC,QAAM,CAAC,WAAW,YAAY,IAAI,SAAS,KAAK;AAEhD,SACE;AAAA,IAAC;AAAA;AAAA,MACC,OAAO;AAAA,QACL,iBAAiB,OAAO,eAAe;AAAA,QACvC,gBAAgB;AAAA,MAClB;AAAA,MACA,8BAAC,aAAU,WAAU,oDACnB,8BAAC,SAAI,WAAW,0BAA0B,YAAY,YAAY,EAAE,IAClE,+BAAC,SAAI,WAAU,mBAEb;AAAA,6BAAC,SAAI,WAAU,mBACb;AAAA,8BAAC,aAAU;AAAA,UACX;AAAA,YAAC;AAAA;AAAA,cACC,WAAU;AAAA,cACV,SAAS,MAAM,aAAa,IAAI;AAAA,cAAG;AAAA;AAAA,UAErC;AAAA,WACF;AAAA,QAGA,qBAAC,SAAI,WAAU,kBACb;AAAA,8BAAC,gBAAa;AAAA,UACd;AAAA,YAAC;AAAA;AAAA,cACC,WAAU;AAAA,cACV,SAAS,MAAM,aAAa,KAAK;AAAA,cAAG;AAAA;AAAA,UAEtC;AAAA,WACF;AAAA,SACF,GACF,GACF;AAAA;AAAA,EACF;AAEJ;"
    },
    "_coverageSchema": "1a1c01bbd47fc00a2c39e90264f33305004495a9",
    "hash": "99d4fb56ad9d77a6f13700bc1fc94df155f1ddcc"
  },
  "/app/src/components/Carousel.tsx": {
    "path": "/app/src/components/Carousel.tsx",
    "statementMap": {
      "0": {
        "start": {
          "line": 4,
          "column": 24
        },
        "end": {
          "line": 44,
          "column": 1
        }
      },
      "1": {
        "start": {
          "line": 5,
          "column": 36
        },
        "end": {
          "line": 5,
          "column": 48
        }
      },
      "2": {
        "start": {
          "line": 6,
          "column": 2
        },
        "end": {
          "line": 32,
          "column": 20
        }
      },
      "3": {
        "start": {
          "line": 7,
          "column": 24
        },
        "end": {
          "line": 28,
          "column": 5
        }
      },
      "4": {
        "start": {
          "line": 8,
          "column": 6
        },
        "end": {
          "line": 27,
          "column": 7
        }
      },
      "5": {
        "start": {
          "line": 9,
          "column": 25
        },
        "end": {
          "line": 16,
          "column": 9
        }
      },
      "6": {
        "start": {
          "line": 17,
          "column": 8
        },
        "end": {
          "line": 21,
          "column": 9
        }
      },
      "7": {
        "start": {
          "line": 18,
          "column": 10
        },
        "end": {
          "line": 20,
          "column": 12
        }
      },
      "8": {
        "start": {
          "line": 22,
          "column": 21
        },
        "end": {
          "line": 22,
          "column": 42
        }
      },
      "9": {
        "start": {
          "line": 23,
          "column": 27
        },
        "end": {
          "line": 23,
          "column": 88
        }
      },
      "10": {
        "start": {
          "line": 23,
          "column": 68
        },
        "end": {
          "line": 23,
          "column": 87
        }
      },
      "11": {
        "start": {
          "line": 24,
          "column": 8
        },
        "end": {
          "line": 24,
          "column": 33
        }
      },
      "12": {
        "start": {
          "line": 26,
          "column": 8
        },
        "end": {
          "line": 26,
          "column": 55
        }
      },
      "13": {
        "start": {
          "line": 29,
          "column": 4
        },
        "end": {
          "line": 31,
          "column": 5
        }
      },
      "14": {
        "start": {
          "line": 30,
          "column": 6
        },
        "end": {
          "line": 30,
          "column": 20
        }
      },
      "15": {
        "start": {
          "line": 33,
          "column": 2
        },
        "end": {
          "line": 43,
          "column": 18
        }
      },
      "16": {
        "start": {
          "line": 33,
          "column": 97
        },
        "end": {
          "line": 43,
          "column": 13
        }
      },
      "17": {
        "start": {
          "line": 33,
          "column": 116
        },
        "end": {
          "line": 43,
          "column": 13
        }
      }
    },
    "fnMap": {
      "0": {
        "name": "(anonymous_0)",
        "decl": {
          "start": {
            "line": 4,
            "column": 24
          },
          "end": {
            "line": 4,
            "column": 25
          }
        },
        "loc": {
          "start": {
            "line": 4,
            "column": 45
          },
          "end": {
            "line": 44,
            "column": 1
          }
        },
        "line": 4
      },
      "1": {
        "name": "(anonymous_1)",
        "decl": {
          "start": {
            "line": 6,
            "column": 12
          },
          "end": {
            "line": 6,
            "column": 13
          }
        },
        "loc": {
          "start": {
            "line": 6,
            "column": 18
          },
          "end": {
            "line": 32,
            "column": 3
          }
        },
        "line": 6
      },
      "2": {
        "name": "(anonymous_2)",
        "decl": {
          "start": {
            "line": 7,
            "column": 24
          },
          "end": {
            "line": 7,
            "column": 25
          }
        },
        "loc": {
          "start": {
            "line": 7,
            "column": 36
          },
          "end": {
            "line": 28,
            "column": 5
          }
        },
        "line": 7
      },
      "3": {
        "name": "(anonymous_3)",
        "decl": {
          "start": {
            "line": 23,
            "column": 56
          },
          "end": {
            "line": 23,
            "column": 57
          }
        },
        "loc": {
          "start": {
            "line": 23,
            "column": 68
          },
          "end": {
            "line": 23,
            "column": 87
          }
        },
        "line": 23
      },
      "4": {
        "name": "(anonymous_4)",
        "decl": {
          "start": {
            "line": 33,
            "column": 65
          },
          "end": {
            "line": 33,
            "column": 66
          }
        },
        "loc": {
          "start": {
            "line": 33,
            "column": 97
          },
          "end": {
            "line": 43,
            "column": 13
          }
        },
        "line": 33
      },
      "5": {
        "name": "(anonymous_4)",
        "decl": {
          "start": {
            "line": 33,
            "column": 84
          },
          "end": {
            "line": 33,
            "column": 85
          }
        },
        "loc": {
          "start": {
            "line": 33,
            "column": 116
          },
          "end": {
            "line": 43,
            "column": 13
          }
        },
        "line": 33
      }
    },
    "branchMap": {
      "0": {
        "loc": {
          "start": {
            "line": 17,
            "column": 8
          },
          "end": {
            "line": 21,
            "column": 9
          }
        },
        "type": "if",
        "locations": [
          {
            "start": {
              "line": 17,
              "column": 8
            },
            "end": {
              "line": 21,
              "column": 9
            }
          },
          {
            "start": {},
            "end": {}
          }
        ],
        "line": 17
      },
      "1": {
        "loc": {
          "start": {
            "line": 29,
            "column": 4
          },
          "end": {
            "line": 31,
            "column": 5
          }
        },
        "type": "if",
        "locations": [
          {
            "start": {
              "line": 29,
              "column": 4
            },
            "end": {
              "line": 31,
              "column": 5
            }
          },
          {
            "start": {},
            "end": {}
          }
        ],
        "line": 29
      }
    },
    "s": {
      "0": 60,
      "1": 35,
      "2": 35,
      "3": 12,
      "4": 12,
      "5": 12,
      "6": 8,
      "7": 0,
      "8": 8,
      "9": 8,
      "10": 40,
      "11": 8,
      "12": 0,
      "13": 12,
      "14": 12,
      "15": 35,
      "16": 57,
      "17": 70
    },
    "f": {
      "0": 35,
      "1": 12,
      "2": 12,
      "3": 40,
      "4": 57,
      "5": 70
    },
    "b": {
      "0": [
        0,
        8
      ],
      "1": [
        12,
        0
      ]
    },
    "inputSourceMap": {
      "version": 3,
      "file": null,
      "sources": [
        "/app/src/components/Carousel.tsx"
      ],
      "names": [
        "imageUrls"
      ],
      "mappings": "AAmDQ,SACE,KADF;AAnDR,SAAgB,WAAW,gBAAgB;AAC3C,SAAS,gBAAgB;AAUzB,MAAM,kBAAkD,CAAC,EAAE,YAAY,MAAM;AAC3E,QAAM,CAAC,WAAW,YAAY,IAAI,SAAmB,CAAC,CAAC;AAEvD,YAAU,MAAM;AACd,UAAM,cAAc,YAAY;AAC9B,UAAI;AACF,cAAM,WAAW,MAAM;AAAA,UACrB,gDAAgD,WAAW;AAAA,UAC3D;AAAA,YACE,SAAS;AAAA,cACP,eACE;AAAA,YACJ;AAAA,UACF;AAAA,QACF;AAEA,YAAI,CAAC,SAAS,IAAI;AAChB,gBAAM,IAAI;AAAA,YACR,gCAAgC,SAAS,UAAU;AAAA,UACrD;AAAA,QACF;AAEA,cAAM,OAAO,MAAM,SAAS,KAAK;AACjC,cAAMA,aAAY,KAAK,QACpB,MAAM,GAAG,CAAC,EACV,IAAI,CAAC,WAA0B,OAAO,KAAK,OAAO;AACrD,qBAAaA,UAAS;AAAA,MACxB,SAAS,OAAO;AACd,gBAAQ,MAAM,0BAA0B,KAAK;AAAA,MAC/C;AAAA,IACF;AAEA,QAAI,aAAa;AACf,kBAAY;AAAA,IACd;AAAA,EACF,GAAG,CAAC,WAAW,CAAC;AAEhB,SACE,oBAAC,YACE,oBAAU,IAAI,CAAC,KAAK,UACnB,qBAAC,SAAS,MAAT,EAA0B,OAAO,EAAE,WAAW,IAAI,GACjD;AAAA;AAAA,MAAC;AAAA;AAAA,QACC,KAAK;AAAA,QACL,KAAK,YAAY,WAAW,IAAI,QAAQ,CAAC;AAAA,QACzC,OAAO,EAAE,OAAO,QAAQ,QAAQ,QAAQ,WAAW,IAAI;AAAA;AAAA,IACzD;AAAA,IACA,oBAAC,SAAS,SAAT,EACC,8BAAC,QAAI,aAAG,QAAQ,CAAC,IAAG,GACtB;AAAA,OARkB,KASpB,CACD,GACH;AAEJ;AAEA,eAAe;"
    },
    "_coverageSchema": "1a1c01bbd47fc00a2c39e90264f33305004495a9",
    "hash": "adb279c500cad52fe7ab0316753482d557d9a620"
  }
}